File "exp2/au.pv", line 82, characters 19-21:
Warning: identifier sid rebound.
File "exp2/au.pv", line 121, characters 9-11:
Warning: identifier sid rebound.
Linear part:
exponent(exponent(g_,a),b) = exponent(exponent(g_,b),a)
Completing equations...
Completed equations:
exponent(exponent(g_,a),b) = exponent(exponent(g_,b),a)
Convergent part: No equation.
Process 0 (that is, the initial process):
{1}new SAT_id: id;
{2}new AP_id: id;
{3}new AS_id: id;
{4}new SAT_sk: skey;
{5}new AP_sk: skey;
{6}new AS_sk: skey;
{7}new AS_ssk: sskey;
{8}new macSAT: macAddress;
{9}new macAP: macAddress;
{10}let SAT_pk: pkey = spk(SAT_sk) in
{11}let AP_pk: pkey = spk(AP_sk) in
{12}let AS_pk: pkey = spk(AS_sk) in
{13}let certSAT: cert = certificat(SAT_id,SAT_pk,sign2cert(SAT_id,SAT_pk,AS_ssk)) in
{14}let certAP: cert = certificat(AP_id,AP_pk,sign2cert(AP_id,AP_pk,AS_ssk)) in
{15}let certAS: cert = certificat(AS_id,AS_pk,sign2cert(AS_id,AS_pk,AS_ssk)) in
(
    {16}let SAT_id_1: id = SAT_id in
    {17}let SAT_sk_1: skey = SAT_sk in
    {18}let macSAT_1: macAddress = macSAT in
    {19}let certificat(AS_id_1: id,AS_pk_1: pkey,certSignAS: certSign) = certAS in
    {20}in(c, msg1: message);
    {21}let Process1((sid_1: nonce,certAP_1: cert,g: G)) = msg1 in
    {22}let certificat(AP_id_1: id,AP_pk_1: pkey,certSignAP: certSign) = certAP_1 in
    {23}event SAT_sid(SAT_id_1,sid_1);
    {24}new challengeSAT: nonce;
    {25}new a: ex;
    {26}let A: G = exponent(g,a) in
    {27}let signSAT: bitstring = sign2m((sid_1,AP_id_1,challengeSAT,certSAT,A,g),SAT_sk_1) in
    {28}out(c, Process2((sid_1,AP_id_1,challengeSAT,certSAT,signSAT,A,g)));
    {29}in(c, msg5: message);
    {30}let Process5((rAP_id: id,rSAT_id: id,rchallengeAP: nonce,rchallengeSAT: nonce,rB: G,rA: G,rresponse: nat,rmsg4: message,rsignAP: bitstring)) = msg5 in
    {31}let Process4((ADDID(ASmacAP: macAddress,ASmacSAT: macAddress),ASchallengeAP: nonce,ASchallengeSAT: nonce,AScheckAP: nonce,AScheckSAT: nat,AScertAP: nat,AScertSAT: cert,ASsignAS: bitstring)) = rmsg4 in
    {32}if ((rSAT_id = SAT_id_1) && ((rAP_id = AP_id_1) && ((challengeSAT = rchallengeSAT) && (rA = A)))) then
    {33}if (checksign((rAP_id,rSAT_id,rchallengeAP,rchallengeSAT,rB,rA,rresponse,rmsg4),rsignAP,AP_pk_1) = pass) then
    {34}if (rresponse = 1) then
    {35}if (checksign((ADDID(ASmacAP,ASmacSAT),ASchallengeAP,ASchallengeSAT,AScheckAP,AScheckSAT,AScertAP,AScertSAT,ASsignAS),ASsignAS,AS_pk_1) = pass) then
    {36}let SAT_bk: bkey = HashMac_BK(exponent(rB,a),rchallengeAP,rchallengeSAT) in
    {37}let SAT_nextid: nonce = SHA256(HashMac_nonce(exponent(rB,a),rchallengeAP,rchallengeSAT)) in
    {38}event SAT_bk_generate(SAT_id_1,SAT_bk);
    {39}event SAT_nextid_generate(SAT_id_1,SAT_nextid)
) | (
    {40}let AP_id_2: id = AP_id in
    {41}let AP_sk_1: skey = AP_sk in
    {42}let macAP_1: macAddress = macAP in
    {43}let macSAT_2: macAddress = macSAT in
    {44}new sid_2: nonce;
    {45}new g_1: G;
    {46}let msg1_1: message = Process1((sid_2,certAP,g_1)) in
    {47}out(c, msg1_1);
    {48}event AP_sid_sent(AP_id_2,sid_2);
    {49}in(c, msg2: message);
    {50}let Process2((msid: nonce,mid: id,mchallenge: nonce,mcertSAT: cert,msignSAT: bitstring,mA: G,mg: G)) = msg2 in
    {51}let certificat(SAT_id_2: id,SAT_pk_1: pkey,certSAT_1: certSign) = mcertSAT in
    {52}if ((msid = sid_2) && ((mid = AP_id_2) && (mg = g_1))) then
    {53}if (checksign((msid,mid,mchallenge,mcertSAT,mA,mg),msignSAT,SAT_pk_1) = pass) then
    {54}new challengeAP: nonce;
    {55}let msg3: message = Process3((ADDID(macAP_1,macSAT_2),challengeAP,mchallenge,certAP,certSAT_1)) in
    {56}out(c, msg3);
    {57}in(c, msg4: message);
    {58}let Process4((ADDID(ASmacAP_1: macAddress,ASmacSAT_1: macAddress),ASchallengeAP_1: nonce,ASchallengeSAT_1: nonce,AScheckAP_1: nat,AScheckSAT_1: nat,AScertAP_1: cert,AScertSAT_1: cert,ASsignAS_1: bitstring)) = msg4 in
    {59}let certificat(AS_id_2: id,AS_pk_2: pkey,certSignAS_1: certSign) = certAS in
    {60}if (checksign((ADDID(ASmacAP_1,ASmacSAT_1),ASchallengeAP_1,ASchallengeSAT_1,AScheckAP_1,AScheckSAT_1,AScertAP_1,AScertSAT_1),ASsignAS_1,AS_pk_2) = pass) then
    {61}if ((AScheckAP_1 = 1) && (AScheckSAT_1 = 1)) then
    {62}new b: ex;
    {63}let response: nat = 1 in
    {64}let B: G = exponent(g_1,b) in
    {65}let AP_bk: bkey = HashMac_BK(exponent(mA,b),challengeAP,mchallenge) in
    {66}let AP_nextid: nonce = SHA256(HashMac_nonce(exponent(mA,b),challengeAP,mchallenge)) in
    {67}event AP_bk_generate(AP_id_2,AP_bk);
    {68}event AP_nextid_generate(AP_id_2,AP_nextid);
    {69}let signAP: bitstring = sign2m((AP_id_2,SAT_id_2,challengeAP,mchallenge,B,mA,response,msg4),AP_sk_1) in
    {70}let msg5_1: message = Process5((AP_id_2,SAT_id_2,challengeAP,mchallenge,B,mA,response,msg4,signAP)) in
    {71}out(c, msg5_1)
) | (
    {72}let AS_id_3: id = AS_id in
    {73}let AS_sk_1: skey = AS_sk in
    {74}let AS_ssk_1: sskey = AS_ssk in
    {75}in(c, msg3_1: message);
    {76}let Process3((ADDID(macAP_2: macAddress,macSAT_3: macAddress),challengeAP_1: nonce,challengeSAT_1: nonce,certAP_2: cert,certSAT_2: cert)) = msg3_1 in
    {77}if (checkcert(certAP_2,cpk(AS_ssk_1)) = pass) then
    {78}let checkAP: nat = 1 in
    {79}if (checkcert(certSAT_2,cpk(AS_ssk_1)) = pass) then
    {80}let checkSAT: nat = 1 in
    {81}if ((checkAP = 1) && (checkSAT = 1)) then
    {82}let signAS: bitstring = sign2m((ADDID(macAP_2,macSAT_3),challengeAP_1,challengeSAT_1,checkAP,checkSAT,certAP_2,certSAT_2),AS_sk_1) in
    {83}let msg4_1: message = Process4((ADDID(macAP_2,macSAT_3),challengeAP_1,challengeSAT_1,checkAP,checkSAT,certAP_2,certSAT_2,signAS)) in
    {84}out(c, msg4_1)
)

File "exp2/au.pv", line 75, characters 28-30:
Warning: identifier sid rebound.
--  Process 1 (that is, process 0, encoded for secret AP_nextid, secret AP_bk, secret SAT_nextid, secret SAT_bk, with let moved downwards):
{1}new SAT_id: id;
{2}new AP_id: id;
{3}new AS_id: id;
{4}new SAT_sk: skey;
{5}new AP_sk: skey;
{6}new AS_sk: skey;
{7}new AS_ssk: sskey;
{8}new macSAT: macAddress;
{9}new macAP: macAddress;
{12}let AS_pk: pkey = spk(AS_sk) in
{15}let certAS: cert = certificat(AS_id,AS_pk,sign2cert(AS_id,AS_pk,AS_ssk)) in
(
    {19}let certificat(AS_id_1: id,AS_pk_1: pkey,certSignAS: certSign) = certAS in
    {20}in(c, msg1: message);
    {21}let Process1((sid_1: nonce,certAP_1: cert,g: G)) = msg1 in
    {22}let certificat(AP_id_1: id,AP_pk_1: pkey,certSignAP: certSign) = certAP_1 in
    {16}let SAT_id_1: id = SAT_id in
    {23}event SAT_sid(SAT_id_1,sid_1);
    {24}new challengeSAT: nonce;
    {25}new a: ex;
    {26}let A: G = exponent(g,a) in
    {17}let SAT_sk_1: skey = SAT_sk in
    {10}let SAT_pk: pkey = spk(SAT_sk) in
    {13}let certSAT: cert = certificat(SAT_id,SAT_pk,sign2cert(SAT_id,SAT_pk,AS_ssk)) in
    {27}let signSAT: bitstring = sign2m((sid_1,AP_id_1,challengeSAT,certSAT,A,g),SAT_sk_1) in
    {28}out(c, Process2((sid_1,AP_id_1,challengeSAT,certSAT,signSAT,A,g)));
    {29}in(c, msg5: message);
    {30}let Process5((rAP_id: id,rSAT_id: id,rchallengeAP: nonce,rchallengeSAT: nonce,rB: G,rA: G,rresponse: nat,rmsg4: message,rsignAP: bitstring)) = msg5 in
    {31}let Process4((ADDID(ASmacAP: macAddress,ASmacSAT: macAddress),ASchallengeAP: nonce,ASchallengeSAT: nonce,AScheckAP: nonce,AScheckSAT: nat,AScertAP: nat,AScertSAT: cert,ASsignAS: bitstring)) = rmsg4 in
    {32}if ((rSAT_id = SAT_id_1) && ((rAP_id = AP_id_1) && ((challengeSAT = rchallengeSAT) && (rA = A)))) then
    {33}if (checksign((rAP_id,rSAT_id,rchallengeAP,rchallengeSAT,rB,rA,rresponse,rmsg4),rsignAP,AP_pk_1) = pass) then
    {34}if (rresponse = 1) then
    {35}if (checksign((ADDID(ASmacAP,ASmacSAT),ASchallengeAP,ASchallengeSAT,AScheckAP,AScheckSAT,AScertAP,AScertSAT,ASsignAS),ASsignAS,AS_pk_1) = pass) then
    {36}let SAT_bk: bkey = HashMac_BK(exponent(rB,a),rchallengeAP,rchallengeSAT) in
    {37}event SAT_bk_contains(SAT_bk);
    {38}let SAT_nextid: nonce = SHA256(HashMac_nonce(exponent(rB,a),rchallengeAP,rchallengeSAT)) in
    {39}event SAT_nextid_contains(SAT_nextid);
    {40}event SAT_bk_generate(SAT_id_1,SAT_bk);
    {41}event SAT_nextid_generate(SAT_id_1,SAT_nextid)
) | (
    {46}new sid_2: nonce;
    {47}new g_1: G;
    {11}let AP_pk: pkey = spk(AP_sk) in
    {14}let certAP: cert = certificat(AP_id,AP_pk,sign2cert(AP_id,AP_pk,AS_ssk)) in
    {48}let msg1_1: message = Process1((sid_2,certAP,g_1)) in
    {49}out(c, msg1_1);
    {42}let AP_id_2: id = AP_id in
    {50}event AP_sid_sent(AP_id_2,sid_2);
    {51}in(c, msg2: message);
    {52}let Process2((msid: nonce,mid: id,mchallenge: nonce,mcertSAT: cert,msignSAT: bitstring,mA: G,mg: G)) = msg2 in
    {53}let certificat(SAT_id_2: id,SAT_pk_1: pkey,certSAT_1: certSign) = mcertSAT in
    {54}if ((msid = sid_2) && ((mid = AP_id_2) && (mg = g_1))) then
    {55}if (checksign((msid,mid,mchallenge,mcertSAT,mA,mg),msignSAT,SAT_pk_1) = pass) then
    {56}new challengeAP: nonce;
    {45}let macSAT_2: macAddress = macSAT in
    {44}let macAP_1: macAddress = macAP in
    {57}let msg3: message = Process3((ADDID(macAP_1,macSAT_2),challengeAP,mchallenge,certAP,certSAT_1)) in
    {58}out(c, msg3);
    {59}in(c, msg4: message);
    {60}let Process4((ADDID(ASmacAP_1: macAddress,ASmacSAT_1: macAddress),ASchallengeAP_1: nonce,ASchallengeSAT_1: nonce,AScheckAP_1: nat,AScheckSAT_1: nat,AScertAP_1: cert,AScertSAT_1: cert,ASsignAS_1: bitstring)) = msg4 in
    {61}let certificat(AS_id_2: id,AS_pk_2: pkey,certSignAS_1: certSign) = certAS in
    {62}if (checksign((ADDID(ASmacAP_1,ASmacSAT_1),ASchallengeAP_1,ASchallengeSAT_1,AScheckAP_1,AScheckSAT_1,AScertAP_1,AScertSAT_1),ASsignAS_1,AS_pk_2) = pass) then
    {63}if ((AScheckAP_1 = 1) && (AScheckSAT_1 = 1)) then
    {64}new b: ex;
    {67}let AP_bk: bkey = HashMac_BK(exponent(mA,b),challengeAP,mchallenge) in
    {68}event AP_bk_contains(AP_bk);
    {69}let AP_nextid: nonce = SHA256(HashMac_nonce(exponent(mA,b),challengeAP,mchallenge)) in
    {70}event AP_nextid_contains(AP_nextid);
    {71}event AP_bk_generate(AP_id_2,AP_bk);
    {72}event AP_nextid_generate(AP_id_2,AP_nextid);
    {66}let B: G = exponent(g_1,b) in
    {65}let response: nat = 1 in
    {43}let AP_sk_1: skey = AP_sk in
    {73}let signAP: bitstring = sign2m((AP_id_2,SAT_id_2,challengeAP,mchallenge,B,mA,response,msg4),AP_sk_1) in
    {74}let msg5_1: message = Process5((AP_id_2,SAT_id_2,challengeAP,mchallenge,B,mA,response,msg4,signAP)) in
    {75}out(c, msg5_1)
) | (
    {79}in(c, msg3_1: message);
    {80}let Process3((ADDID(macAP_2: macAddress,macSAT_3: macAddress),challengeAP_1: nonce,challengeSAT_1: nonce,certAP_2: cert,certSAT_2: cert)) = msg3_1 in
    {78}let AS_ssk_1: sskey = AS_ssk in
    {81}if (checkcert(certAP_2,cpk(AS_ssk_1)) = pass) then
    {83}if (checkcert(certSAT_2,cpk(AS_ssk_1)) = pass) then
    {84}let checkSAT: nat = 1 in
    {82}let checkAP: nat = 1 in
    {85}if ((checkAP = 1) && (checkSAT = 1)) then
    {77}let AS_sk_1: skey = AS_sk in
    {86}let signAS: bitstring = sign2m((ADDID(macAP_2,macSAT_3),challengeAP_1,challengeSAT_1,checkAP,checkSAT,certAP_2,certSAT_2),AS_sk_1) in
    {87}let msg4_1: message = Process4((ADDID(macAP_2,macSAT_3),challengeAP_1,challengeSAT_1,checkAP,checkSAT,certAP_2,certSAT_2,signAS)) in
    {88}out(c, msg4_1)
)

-- Query secret SAT_bk encoded as not (event(SAT_bk_contains(v)) && attacker(v)) in process 1.
Translating the process into Horn clauses...
Completing...
200 rules inserted. Base: 134 rules (56 with conclusion selected). Queue: 17 rules.
Starting query secret SAT_bk
RESULT secret SAT_bk is true.
-- Query secret SAT_nextid encoded as not (event(SAT_nextid_contains(v)) && attacker(v)) in process 1.
Translating the process into Horn clauses...
Completing...
200 rules inserted. Base: 134 rules (56 with conclusion selected). Queue: 17 rules.
Starting query secret SAT_nextid
RESULT secret SAT_nextid is true.
-- Query secret AP_bk encoded as not (event(AP_bk_contains(v)) && attacker(v)) in process 1.
Translating the process into Horn clauses...
Completing...
200 rules inserted. Base: 141 rules (56 with conclusion selected). Queue: 23 rules.
400 rules inserted. Base: 157 rules (62 with conclusion selected). Queue: 27 rules.
Starting query secret AP_bk
goal reachable: attacker(ASmacAP_2) && attacker(ASmacSAT_2) && attacker(ASchallengeAP_2) && attacker(ASchallengeSAT_2) && attacker(SAT_id_3) && attacker(certSAT_3) && attacker(sk) && attacker(mchallenge_1) -> event(AP_bk_contains(HashMac_BK(exponent(g_1[],b_1),challengeAP_2,mchallenge_1))) && attacker(HashMac_BK(exponent(g_1[],b_1),challengeAP_2,mchallenge_1))
Abbreviations:
b_1 = b[msg4 = Process4((ADDID(ASmacAP_2,ASmacSAT_2),ASchallengeAP_2,ASchallengeSAT_2,1,1,certificat(AP_id[],spk(AP_sk[]),sign2cert(AP_id[],spk(AP_sk[]),AS_ssk[])),certificat(AP_id[],spk(AP_sk[]),sign2cert(AP_id[],spk(AP_sk[]),AS_ssk[])),sign2m((ADDID(ASmacAP_2,ASmacSAT_2),ASchallengeAP_2,ASchallengeSAT_2,1,1,certificat(AP_id[],spk(AP_sk[]),sign2cert(AP_id[],spk(AP_sk[]),AS_ssk[])),certificat(AP_id[],spk(AP_sk[]),sign2cert(AP_id[],spk(AP_sk[]),AS_ssk[]))),AS_sk[]))),msg2 = Process2((sid_2[],AP_id[],mchallenge_1,certificat(SAT_id_3,spk(sk),certSAT_3),sign2m((sid_2[],AP_id[],mchallenge_1,certificat(SAT_id_3,spk(sk),certSAT_3),g_1[],g_1[]),sk),g_1[],g_1[]))]
challengeAP_2 = challengeAP[msg2 = Process2((sid_2[],AP_id[],mchallenge_1,certificat(SAT_id_3,spk(sk),certSAT_3),sign2m((sid_2[],AP_id[],mchallenge_1,certificat(SAT_id_3,spk(sk),certSAT_3),g_1[],g_1[]),sk),g_1[],g_1[]))]

Derivation:
Abbreviations:
b_1 = b[msg4 = Process4((ADDID(ASmacAP_2,ASmacSAT_2),ASchallengeAP_2,ASchallengeSAT_2,1,1,certificat(AP_id[],spk(AP_sk[]),sign2cert(AP_id[],spk(AP_sk[]),AS_ssk[])),certificat(AP_id[],spk(AP_sk[]),sign2cert(AP_id[],spk(AP_sk[]),AS_ssk[])),sign2m((ADDID(ASmacAP_2,ASmacSAT_2),ASchallengeAP_2,ASchallengeSAT_2,1,1,certificat(AP_id[],spk(AP_sk[]),sign2cert(AP_id[],spk(AP_sk[]),AS_ssk[])),certificat(AP_id[],spk(AP_sk[]),sign2cert(AP_id[],spk(AP_sk[]),AS_ssk[]))),AS_sk[]))),msg2 = Process2((sid_2[],AP_id[],mchallenge_1,certificat(SAT_id_3,spk(sk),certSAT_3),sign2m((sid_2[],AP_id[],mchallenge_1,certificat(SAT_id_3,spk(sk),certSAT_3),g_1[],g_1[]),sk),g_1[],g_1[]))]
challengeAP_2 = challengeAP[msg2 = Process2((sid_2[],AP_id[],mchallenge_1,certificat(SAT_id_3,spk(sk),certSAT_3),sign2m((sid_2[],AP_id[],mchallenge_1,certificat(SAT_id_3,spk(sk),certSAT_3),g_1[],g_1[]),sk),g_1[],g_1[]))]

1. We assume as hypothesis that
attacker(mchallenge_1).

2. The message Process1((sid_2[],certificat(AP_id[],spk(AP_sk[]),sign2cert(AP_id[],spk(AP_sk[]),AS_ssk[])),g_1[])) may be sent to the attacker at output {49}.
attacker(Process1((sid_2[],certificat(AP_id[],spk(AP_sk[]),sign2cert(AP_id[],spk(AP_sk[]),AS_ssk[])),g_1[]))).

3. By 2, the attacker may know Process1((sid_2[],certificat(AP_id[],spk(AP_sk[]),sign2cert(AP_id[],spk(AP_sk[]),AS_ssk[])),g_1[])).
Using the function 1-proj-Process1 the attacker may obtain (sid_2[],certificat(AP_id[],spk(AP_sk[]),sign2cert(AP_id[],spk(AP_sk[]),AS_ssk[])),g_1[]).
attacker((sid_2[],certificat(AP_id[],spk(AP_sk[]),sign2cert(AP_id[],spk(AP_sk[]),AS_ssk[])),g_1[])).

4. By 3, the attacker may know (sid_2[],certificat(AP_id[],spk(AP_sk[]),sign2cert(AP_id[],spk(AP_sk[]),AS_ssk[])),g_1[]).
Using the function 3-proj-3-tuple the attacker may obtain g_1[].
attacker(g_1[]).

5. We assume as hypothesis that
attacker(sk).

6. We assume as hypothesis that
attacker(certSAT_3).

7. By 5, the attacker may know sk.
Using the function spk the attacker may obtain spk(sk).
attacker(spk(sk)).

8. We assume as hypothesis that
attacker(SAT_id_3).

9. By 8, the attacker may know SAT_id_3.
By 7, the attacker may know spk(sk).
By 6, the attacker may know certSAT_3.
Using the function certificat the attacker may obtain certificat(SAT_id_3,spk(sk),certSAT_3).
attacker(certificat(SAT_id_3,spk(sk),certSAT_3)).

10. By 3, the attacker may know (sid_2[],certificat(AP_id[],spk(AP_sk[]),sign2cert(AP_id[],spk(AP_sk[]),AS_ssk[])),g_1[]).
Using the function 2-proj-3-tuple the attacker may obtain certificat(AP_id[],spk(AP_sk[]),sign2cert(AP_id[],spk(AP_sk[]),AS_ssk[])).
attacker(certificat(AP_id[],spk(AP_sk[]),sign2cert(AP_id[],spk(AP_sk[]),AS_ssk[]))).

11. By 10, the attacker may know certificat(AP_id[],spk(AP_sk[]),sign2cert(AP_id[],spk(AP_sk[]),AS_ssk[])).
Using the function 1-proj-certificat the attacker may obtain AP_id[].
attacker(AP_id[]).

12. By 3, the attacker may know (sid_2[],certificat(AP_id[],spk(AP_sk[]),sign2cert(AP_id[],spk(AP_sk[]),AS_ssk[])),g_1[]).
Using the function 1-proj-3-tuple the attacker may obtain sid_2[].
attacker(sid_2[]).

13. By 12, the attacker may know sid_2[].
By 11, the attacker may know AP_id[].
By 1, the attacker may know mchallenge_1.
By 9, the attacker may know certificat(SAT_id_3,spk(sk),certSAT_3).
By 4, the attacker may know g_1[].
By 4, the attacker may know g_1[].
Using the function 6-tuple the attacker may obtain (sid_2[],AP_id[],mchallenge_1,certificat(SAT_id_3,spk(sk),certSAT_3),g_1[],g_1[]).
attacker((sid_2[],AP_id[],mchallenge_1,certificat(SAT_id_3,spk(sk),certSAT_3),g_1[],g_1[])).

14. By 13, the attacker may know (sid_2[],AP_id[],mchallenge_1,certificat(SAT_id_3,spk(sk),certSAT_3),g_1[],g_1[]).
By 5, the attacker may know sk.
Using the function sign2m the attacker may obtain sign2m((sid_2[],AP_id[],mchallenge_1,certificat(SAT_id_3,spk(sk),certSAT_3),g_1[],g_1[]),sk).
attacker(sign2m((sid_2[],AP_id[],mchallenge_1,certificat(SAT_id_3,spk(sk),certSAT_3),g_1[],g_1[]),sk)).

15. By 12, the attacker may know sid_2[].
By 11, the attacker may know AP_id[].
By 1, the attacker may know mchallenge_1.
By 9, the attacker may know certificat(SAT_id_3,spk(sk),certSAT_3).
By 14, the attacker may know sign2m((sid_2[],AP_id[],mchallenge_1,certificat(SAT_id_3,spk(sk),certSAT_3),g_1[],g_1[]),sk).
By 4, the attacker may know g_1[].
By 4, the attacker may know g_1[].
Using the function 7-tuple the attacker may obtain (sid_2[],AP_id[],mchallenge_1,certificat(SAT_id_3,spk(sk),certSAT_3),sign2m((sid_2[],AP_id[],mchallenge_1,certificat(SAT_id_3,spk(sk),certSAT_3),g_1[],g_1[]),sk),g_1[],g_1[]).
attacker((sid_2[],AP_id[],mchallenge_1,certificat(SAT_id_3,spk(sk),certSAT_3),sign2m((sid_2[],AP_id[],mchallenge_1,certificat(SAT_id_3,spk(sk),certSAT_3),g_1[],g_1[]),sk),g_1[],g_1[])).

16. By 15, the attacker may know (sid_2[],AP_id[],mchallenge_1,certificat(SAT_id_3,spk(sk),certSAT_3),sign2m((sid_2[],AP_id[],mchallenge_1,certificat(SAT_id_3,spk(sk),certSAT_3),g_1[],g_1[]),sk),g_1[],g_1[]).
Using the function Process2 the attacker may obtain Process2((sid_2[],AP_id[],mchallenge_1,certificat(SAT_id_3,spk(sk),certSAT_3),sign2m((sid_2[],AP_id[],mchallenge_1,certificat(SAT_id_3,spk(sk),certSAT_3),g_1[],g_1[]),sk),g_1[],g_1[])).
attacker(Process2((sid_2[],AP_id[],mchallenge_1,certificat(SAT_id_3,spk(sk),certSAT_3),sign2m((sid_2[],AP_id[],mchallenge_1,certificat(SAT_id_3,spk(sk),certSAT_3),g_1[],g_1[]),sk),g_1[],g_1[]))).

17. The message Process2((sid_2[],AP_id[],mchallenge_1,certificat(SAT_id_3,spk(sk),certSAT_3),sign2m((sid_2[],AP_id[],mchallenge_1,certificat(SAT_id_3,spk(sk),certSAT_3),g_1[],g_1[]),sk),g_1[],g_1[])) that the attacker may have by 16 may be received at input {51}.
So the message Process3((ADDID(macAP[],macSAT[]),challengeAP_2,mchallenge_1,certificat(AP_id[],spk(AP_sk[]),sign2cert(AP_id[],spk(AP_sk[]),AS_ssk[])),certSAT_3)) may be sent to the attacker at output {58}.
attacker(Process3((ADDID(macAP[],macSAT[]),challengeAP_2,mchallenge_1,certificat(AP_id[],spk(AP_sk[]),sign2cert(AP_id[],spk(AP_sk[]),AS_ssk[])),certSAT_3))).

18. By 17, the attacker may know Process3((ADDID(macAP[],macSAT[]),challengeAP_2,mchallenge_1,certificat(AP_id[],spk(AP_sk[]),sign2cert(AP_id[],spk(AP_sk[]),AS_ssk[])),certSAT_3)).
Using the function 1-proj-Process3 the attacker may obtain (ADDID(macAP[],macSAT[]),challengeAP_2,mchallenge_1,certificat(AP_id[],spk(AP_sk[]),sign2cert(AP_id[],spk(AP_sk[]),AS_ssk[])),certSAT_3).
attacker((ADDID(macAP[],macSAT[]),challengeAP_2,mchallenge_1,certificat(AP_id[],spk(AP_sk[]),sign2cert(AP_id[],spk(AP_sk[]),AS_ssk[])),certSAT_3)).

19. By 18, the attacker may know (ADDID(macAP[],macSAT[]),challengeAP_2,mchallenge_1,certificat(AP_id[],spk(AP_sk[]),sign2cert(AP_id[],spk(AP_sk[]),AS_ssk[])),certSAT_3).
Using the function 2-proj-5-tuple the attacker may obtain challengeAP_2.
attacker(challengeAP_2).

20. We assume as hypothesis that
attacker(ASchallengeSAT_2).

21. We assume as hypothesis that
attacker(ASchallengeAP_2).

22. We assume as hypothesis that
attacker(ASmacSAT_2).

23. We assume as hypothesis that
attacker(ASmacAP_2).

24. By 23, the attacker may know ASmacAP_2.
By 22, the attacker may know ASmacSAT_2.
Using the function ADDID the attacker may obtain ADDID(ASmacAP_2,ASmacSAT_2).
attacker(ADDID(ASmacAP_2,ASmacSAT_2)).

25. By 24, the attacker may know ADDID(ASmacAP_2,ASmacSAT_2).
By 21, the attacker may know ASchallengeAP_2.
By 20, the attacker may know ASchallengeSAT_2.
By 10, the attacker may know certificat(AP_id[],spk(AP_sk[]),sign2cert(AP_id[],spk(AP_sk[]),AS_ssk[])).
By 10, the attacker may know certificat(AP_id[],spk(AP_sk[]),sign2cert(AP_id[],spk(AP_sk[]),AS_ssk[])).
Using the function 5-tuple the attacker may obtain (ADDID(ASmacAP_2,ASmacSAT_2),ASchallengeAP_2,ASchallengeSAT_2,certificat(AP_id[],spk(AP_sk[]),sign2cert(AP_id[],spk(AP_sk[]),AS_ssk[])),certificat(AP_id[],spk(AP_sk[]),sign2cert(AP_id[],spk(AP_sk[]),AS_ssk[]))).
attacker((ADDID(ASmacAP_2,ASmacSAT_2),ASchallengeAP_2,ASchallengeSAT_2,certificat(AP_id[],spk(AP_sk[]),sign2cert(AP_id[],spk(AP_sk[]),AS_ssk[])),certificat(AP_id[],spk(AP_sk[]),sign2cert(AP_id[],spk(AP_sk[]),AS_ssk[])))).

26. By 25, the attacker may know (ADDID(ASmacAP_2,ASmacSAT_2),ASchallengeAP_2,ASchallengeSAT_2,certificat(AP_id[],spk(AP_sk[]),sign2cert(AP_id[],spk(AP_sk[]),AS_ssk[])),certificat(AP_id[],spk(AP_sk[]),sign2cert(AP_id[],spk(AP_sk[]),AS_ssk[]))).
Using the function Process3 the attacker may obtain Process3((ADDID(ASmacAP_2,ASmacSAT_2),ASchallengeAP_2,ASchallengeSAT_2,certificat(AP_id[],spk(AP_sk[]),sign2cert(AP_id[],spk(AP_sk[]),AS_ssk[])),certificat(AP_id[],spk(AP_sk[]),sign2cert(AP_id[],spk(AP_sk[]),AS_ssk[])))).
attacker(Process3((ADDID(ASmacAP_2,ASmacSAT_2),ASchallengeAP_2,ASchallengeSAT_2,certificat(AP_id[],spk(AP_sk[]),sign2cert(AP_id[],spk(AP_sk[]),AS_ssk[])),certificat(AP_id[],spk(AP_sk[]),sign2cert(AP_id[],spk(AP_sk[]),AS_ssk[]))))).

27. The message Process3((ADDID(ASmacAP_2,ASmacSAT_2),ASchallengeAP_2,ASchallengeSAT_2,certificat(AP_id[],spk(AP_sk[]),sign2cert(AP_id[],spk(AP_sk[]),AS_ssk[])),certificat(AP_id[],spk(AP_sk[]),sign2cert(AP_id[],spk(AP_sk[]),AS_ssk[])))) that the attacker may have by 26 may be received at input {79}.
So the message Process4((ADDID(ASmacAP_2,ASmacSAT_2),ASchallengeAP_2,ASchallengeSAT_2,1,1,certificat(AP_id[],spk(AP_sk[]),sign2cert(AP_id[],spk(AP_sk[]),AS_ssk[])),certificat(AP_id[],spk(AP_sk[]),sign2cert(AP_id[],spk(AP_sk[]),AS_ssk[])),sign2m((ADDID(ASmacAP_2,ASmacSAT_2),ASchallengeAP_2,ASchallengeSAT_2,1,1,certificat(AP_id[],spk(AP_sk[]),sign2cert(AP_id[],spk(AP_sk[]),AS_ssk[])),certificat(AP_id[],spk(AP_sk[]),sign2cert(AP_id[],spk(AP_sk[]),AS_ssk[]))),AS_sk[]))) may be sent to the attacker at output {88}.
attacker(Process4((ADDID(ASmacAP_2,ASmacSAT_2),ASchallengeAP_2,ASchallengeSAT_2,1,1,certificat(AP_id[],spk(AP_sk[]),sign2cert(AP_id[],spk(AP_sk[]),AS_ssk[])),certificat(AP_id[],spk(AP_sk[]),sign2cert(AP_id[],spk(AP_sk[]),AS_ssk[])),sign2m((ADDID(ASmacAP_2,ASmacSAT_2),ASchallengeAP_2,ASchallengeSAT_2,1,1,certificat(AP_id[],spk(AP_sk[]),sign2cert(AP_id[],spk(AP_sk[]),AS_ssk[])),certificat(AP_id[],spk(AP_sk[]),sign2cert(AP_id[],spk(AP_sk[]),AS_ssk[]))),AS_sk[])))).

28. By 27, the attacker may know Process4((ADDID(ASmacAP_2,ASmacSAT_2),ASchallengeAP_2,ASchallengeSAT_2,1,1,certificat(AP_id[],spk(AP_sk[]),sign2cert(AP_id[],spk(AP_sk[]),AS_ssk[])),certificat(AP_id[],spk(AP_sk[]),sign2cert(AP_id[],spk(AP_sk[]),AS_ssk[])),sign2m((ADDID(ASmacAP_2,ASmacSAT_2),ASchallengeAP_2,ASchallengeSAT_2,1,1,certificat(AP_id[],spk(AP_sk[]),sign2cert(AP_id[],spk(AP_sk[]),AS_ssk[])),certificat(AP_id[],spk(AP_sk[]),sign2cert(AP_id[],spk(AP_sk[]),AS_ssk[]))),AS_sk[]))).
Using the function 1-proj-Process4 the attacker may obtain (ADDID(ASmacAP_2,ASmacSAT_2),ASchallengeAP_2,ASchallengeSAT_2,1,1,certificat(AP_id[],spk(AP_sk[]),sign2cert(AP_id[],spk(AP_sk[]),AS_ssk[])),certificat(AP_id[],spk(AP_sk[]),sign2cert(AP_id[],spk(AP_sk[]),AS_ssk[])),sign2m((ADDID(ASmacAP_2,ASmacSAT_2),ASchallengeAP_2,ASchallengeSAT_2,1,1,certificat(AP_id[],spk(AP_sk[]),sign2cert(AP_id[],spk(AP_sk[]),AS_ssk[])),certificat(AP_id[],spk(AP_sk[]),sign2cert(AP_id[],spk(AP_sk[]),AS_ssk[]))),AS_sk[])).
attacker((ADDID(ASmacAP_2,ASmacSAT_2),ASchallengeAP_2,ASchallengeSAT_2,1,1,certificat(AP_id[],spk(AP_sk[]),sign2cert(AP_id[],spk(AP_sk[]),AS_ssk[])),certificat(AP_id[],spk(AP_sk[]),sign2cert(AP_id[],spk(AP_sk[]),AS_ssk[])),sign2m((ADDID(ASmacAP_2,ASmacSAT_2),ASchallengeAP_2,ASchallengeSAT_2,1,1,certificat(AP_id[],spk(AP_sk[]),sign2cert(AP_id[],spk(AP_sk[]),AS_ssk[])),certificat(AP_id[],spk(AP_sk[]),sign2cert(AP_id[],spk(AP_sk[]),AS_ssk[]))),AS_sk[]))).

29. By 28, the attacker may know (ADDID(ASmacAP_2,ASmacSAT_2),ASchallengeAP_2,ASchallengeSAT_2,1,1,certificat(AP_id[],spk(AP_sk[]),sign2cert(AP_id[],spk(AP_sk[]),AS_ssk[])),certificat(AP_id[],spk(AP_sk[]),sign2cert(AP_id[],spk(AP_sk[]),AS_ssk[])),sign2m((ADDID(ASmacAP_2,ASmacSAT_2),ASchallengeAP_2,ASchallengeSAT_2,1,1,certificat(AP_id[],spk(AP_sk[]),sign2cert(AP_id[],spk(AP_sk[]),AS_ssk[])),certificat(AP_id[],spk(AP_sk[]),sign2cert(AP_id[],spk(AP_sk[]),AS_ssk[]))),AS_sk[])).
Using the function 8-proj-8-tuple the attacker may obtain sign2m((ADDID(ASmacAP_2,ASmacSAT_2),ASchallengeAP_2,ASchallengeSAT_2,1,1,certificat(AP_id[],spk(AP_sk[]),sign2cert(AP_id[],spk(AP_sk[]),AS_ssk[])),certificat(AP_id[],spk(AP_sk[]),sign2cert(AP_id[],spk(AP_sk[]),AS_ssk[]))),AS_sk[]).
attacker(sign2m((ADDID(ASmacAP_2,ASmacSAT_2),ASchallengeAP_2,ASchallengeSAT_2,1,1,certificat(AP_id[],spk(AP_sk[]),sign2cert(AP_id[],spk(AP_sk[]),AS_ssk[])),certificat(AP_id[],spk(AP_sk[]),sign2cert(AP_id[],spk(AP_sk[]),AS_ssk[]))),AS_sk[])).

30. Using the function 0 the attacker may obtain 0.
attacker(0).

31. By 30, the attacker may know 0.
Using the function + the attacker may obtain 1.
attacker(1).

32. By 24, the attacker may know ADDID(ASmacAP_2,ASmacSAT_2).
By 21, the attacker may know ASchallengeAP_2.
By 20, the attacker may know ASchallengeSAT_2.
By 31, the attacker may know 1.
By 31, the attacker may know 1.
By 10, the attacker may know certificat(AP_id[],spk(AP_sk[]),sign2cert(AP_id[],spk(AP_sk[]),AS_ssk[])).
By 10, the attacker may know certificat(AP_id[],spk(AP_sk[]),sign2cert(AP_id[],spk(AP_sk[]),AS_ssk[])).
By 29, the attacker may know sign2m((ADDID(ASmacAP_2,ASmacSAT_2),ASchallengeAP_2,ASchallengeSAT_2,1,1,certificat(AP_id[],spk(AP_sk[]),sign2cert(AP_id[],spk(AP_sk[]),AS_ssk[])),certificat(AP_id[],spk(AP_sk[]),sign2cert(AP_id[],spk(AP_sk[]),AS_ssk[]))),AS_sk[]).
Using the function 8-tuple the attacker may obtain (ADDID(ASmacAP_2,ASmacSAT_2),ASchallengeAP_2,ASchallengeSAT_2,1,1,certificat(AP_id[],spk(AP_sk[]),sign2cert(AP_id[],spk(AP_sk[]),AS_ssk[])),certificat(AP_id[],spk(AP_sk[]),sign2cert(AP_id[],spk(AP_sk[]),AS_ssk[])),sign2m((ADDID(ASmacAP_2,ASmacSAT_2),ASchallengeAP_2,ASchallengeSAT_2,1,1,certificat(AP_id[],spk(AP_sk[]),sign2cert(AP_id[],spk(AP_sk[]),AS_ssk[])),certificat(AP_id[],spk(AP_sk[]),sign2cert(AP_id[],spk(AP_sk[]),AS_ssk[]))),AS_sk[])).
attacker((ADDID(ASmacAP_2,ASmacSAT_2),ASchallengeAP_2,ASchallengeSAT_2,1,1,certificat(AP_id[],spk(AP_sk[]),sign2cert(AP_id[],spk(AP_sk[]),AS_ssk[])),certificat(AP_id[],spk(AP_sk[]),sign2cert(AP_id[],spk(AP_sk[]),AS_ssk[])),sign2m((ADDID(ASmacAP_2,ASmacSAT_2),ASchallengeAP_2,ASchallengeSAT_2,1,1,certificat(AP_id[],spk(AP_sk[]),sign2cert(AP_id[],spk(AP_sk[]),AS_ssk[])),certificat(AP_id[],spk(AP_sk[]),sign2cert(AP_id[],spk(AP_sk[]),AS_ssk[]))),AS_sk[]))).

33. By 32, the attacker may know (ADDID(ASmacAP_2,ASmacSAT_2),ASchallengeAP_2,ASchallengeSAT_2,1,1,certificat(AP_id[],spk(AP_sk[]),sign2cert(AP_id[],spk(AP_sk[]),AS_ssk[])),certificat(AP_id[],spk(AP_sk[]),sign2cert(AP_id[],spk(AP_sk[]),AS_ssk[])),sign2m((ADDID(ASmacAP_2,ASmacSAT_2),ASchallengeAP_2,ASchallengeSAT_2,1,1,certificat(AP_id[],spk(AP_sk[]),sign2cert(AP_id[],spk(AP_sk[]),AS_ssk[])),certificat(AP_id[],spk(AP_sk[]),sign2cert(AP_id[],spk(AP_sk[]),AS_ssk[]))),AS_sk[])).
Using the function Process4 the attacker may obtain Process4((ADDID(ASmacAP_2,ASmacSAT_2),ASchallengeAP_2,ASchallengeSAT_2,1,1,certificat(AP_id[],spk(AP_sk[]),sign2cert(AP_id[],spk(AP_sk[]),AS_ssk[])),certificat(AP_id[],spk(AP_sk[]),sign2cert(AP_id[],spk(AP_sk[]),AS_ssk[])),sign2m((ADDID(ASmacAP_2,ASmacSAT_2),ASchallengeAP_2,ASchallengeSAT_2,1,1,certificat(AP_id[],spk(AP_sk[]),sign2cert(AP_id[],spk(AP_sk[]),AS_ssk[])),certificat(AP_id[],spk(AP_sk[]),sign2cert(AP_id[],spk(AP_sk[]),AS_ssk[]))),AS_sk[]))).
attacker(Process4((ADDID(ASmacAP_2,ASmacSAT_2),ASchallengeAP_2,ASchallengeSAT_2,1,1,certificat(AP_id[],spk(AP_sk[]),sign2cert(AP_id[],spk(AP_sk[]),AS_ssk[])),certificat(AP_id[],spk(AP_sk[]),sign2cert(AP_id[],spk(AP_sk[]),AS_ssk[])),sign2m((ADDID(ASmacAP_2,ASmacSAT_2),ASchallengeAP_2,ASchallengeSAT_2,1,1,certificat(AP_id[],spk(AP_sk[]),sign2cert(AP_id[],spk(AP_sk[]),AS_ssk[])),certificat(AP_id[],spk(AP_sk[]),sign2cert(AP_id[],spk(AP_sk[]),AS_ssk[]))),AS_sk[])))).

34. The message Process2((sid_2[],AP_id[],mchallenge_1,certificat(SAT_id_3,spk(sk),certSAT_3),sign2m((sid_2[],AP_id[],mchallenge_1,certificat(SAT_id_3,spk(sk),certSAT_3),g_1[],g_1[]),sk),g_1[],g_1[])) that the attacker may have by 16 may be received at input {51}.
The message Process4((ADDID(ASmacAP_2,ASmacSAT_2),ASchallengeAP_2,ASchallengeSAT_2,1,1,certificat(AP_id[],spk(AP_sk[]),sign2cert(AP_id[],spk(AP_sk[]),AS_ssk[])),certificat(AP_id[],spk(AP_sk[]),sign2cert(AP_id[],spk(AP_sk[]),AS_ssk[])),sign2m((ADDID(ASmacAP_2,ASmacSAT_2),ASchallengeAP_2,ASchallengeSAT_2,1,1,certificat(AP_id[],spk(AP_sk[]),sign2cert(AP_id[],spk(AP_sk[]),AS_ssk[])),certificat(AP_id[],spk(AP_sk[]),sign2cert(AP_id[],spk(AP_sk[]),AS_ssk[]))),AS_sk[]))) that the attacker may have by 33 may be received at input {59}.
So the message Process5((AP_id[],SAT_id_3,challengeAP_2,mchallenge_1,exponent(g_1[],b_1),g_1[],1,Process4((ADDID(ASmacAP_2,ASmacSAT_2),ASchallengeAP_2,ASchallengeSAT_2,1,1,certificat(AP_id[],spk(AP_sk[]),sign2cert(AP_id[],spk(AP_sk[]),AS_ssk[])),certificat(AP_id[],spk(AP_sk[]),sign2cert(AP_id[],spk(AP_sk[]),AS_ssk[])),sign2m((ADDID(ASmacAP_2,ASmacSAT_2),ASchallengeAP_2,ASchallengeSAT_2,1,1,certificat(AP_id[],spk(AP_sk[]),sign2cert(AP_id[],spk(AP_sk[]),AS_ssk[])),certificat(AP_id[],spk(AP_sk[]),sign2cert(AP_id[],spk(AP_sk[]),AS_ssk[]))),AS_sk[]))),sign2m((AP_id[],SAT_id_3,challengeAP_2,mchallenge_1,exponent(g_1[],b_1),g_1[],1,Process4((ADDID(ASmacAP_2,ASmacSAT_2),ASchallengeAP_2,ASchallengeSAT_2,1,1,certificat(AP_id[],spk(AP_sk[]),sign2cert(AP_id[],spk(AP_sk[]),AS_ssk[])),certificat(AP_id[],spk(AP_sk[]),sign2cert(AP_id[],spk(AP_sk[]),AS_ssk[])),sign2m((ADDID(ASmacAP_2,ASmacSAT_2),ASchallengeAP_2,ASchallengeSAT_2,1,1,certificat(AP_id[],spk(AP_sk[]),sign2cert(AP_id[],spk(AP_sk[]),AS_ssk[])),certificat(AP_id[],spk(AP_sk[]),sign2cert(AP_id[],spk(AP_sk[]),AS_ssk[]))),AS_sk[])))),AP_sk[]))) may be sent to the attacker at output {75}.
attacker(Process5((AP_id[],SAT_id_3,challengeAP_2,mchallenge_1,exponent(g_1[],b_1),g_1[],1,Process4((ADDID(ASmacAP_2,ASmacSAT_2),ASchallengeAP_2,ASchallengeSAT_2,1,1,certificat(AP_id[],spk(AP_sk[]),sign2cert(AP_id[],spk(AP_sk[]),AS_ssk[])),certificat(AP_id[],spk(AP_sk[]),sign2cert(AP_id[],spk(AP_sk[]),AS_ssk[])),sign2m((ADDID(ASmacAP_2,ASmacSAT_2),ASchallengeAP_2,ASchallengeSAT_2,1,1,certificat(AP_id[],spk(AP_sk[]),sign2cert(AP_id[],spk(AP_sk[]),AS_ssk[])),certificat(AP_id[],spk(AP_sk[]),sign2cert(AP_id[],spk(AP_sk[]),AS_ssk[]))),AS_sk[]))),sign2m((AP_id[],SAT_id_3,challengeAP_2,mchallenge_1,exponent(g_1[],b_1),g_1[],1,Process4((ADDID(ASmacAP_2,ASmacSAT_2),ASchallengeAP_2,ASchallengeSAT_2,1,1,certificat(AP_id[],spk(AP_sk[]),sign2cert(AP_id[],spk(AP_sk[]),AS_ssk[])),certificat(AP_id[],spk(AP_sk[]),sign2cert(AP_id[],spk(AP_sk[]),AS_ssk[])),sign2m((ADDID(ASmacAP_2,ASmacSAT_2),ASchallengeAP_2,ASchallengeSAT_2,1,1,certificat(AP_id[],spk(AP_sk[]),sign2cert(AP_id[],spk(AP_sk[]),AS_ssk[])),certificat(AP_id[],spk(AP_sk[]),sign2cert(AP_id[],spk(AP_sk[]),AS_ssk[]))),AS_sk[])))),AP_sk[])))).

35. By 34, the attacker may know Process5((AP_id[],SAT_id_3,challengeAP_2,mchallenge_1,exponent(g_1[],b_1),g_1[],1,Process4((ADDID(ASmacAP_2,ASmacSAT_2),ASchallengeAP_2,ASchallengeSAT_2,1,1,certificat(AP_id[],spk(AP_sk[]),sign2cert(AP_id[],spk(AP_sk[]),AS_ssk[])),certificat(AP_id[],spk(AP_sk[]),sign2cert(AP_id[],spk(AP_sk[]),AS_ssk[])),sign2m((ADDID(ASmacAP_2,ASmacSAT_2),ASchallengeAP_2,ASchallengeSAT_2,1,1,certificat(AP_id[],spk(AP_sk[]),sign2cert(AP_id[],spk(AP_sk[]),AS_ssk[])),certificat(AP_id[],spk(AP_sk[]),sign2cert(AP_id[],spk(AP_sk[]),AS_ssk[]))),AS_sk[]))),sign2m((AP_id[],SAT_id_3,challengeAP_2,mchallenge_1,exponent(g_1[],b_1),g_1[],1,Process4((ADDID(ASmacAP_2,ASmacSAT_2),ASchallengeAP_2,ASchallengeSAT_2,1,1,certificat(AP_id[],spk(AP_sk[]),sign2cert(AP_id[],spk(AP_sk[]),AS_ssk[])),certificat(AP_id[],spk(AP_sk[]),sign2cert(AP_id[],spk(AP_sk[]),AS_ssk[])),sign2m((ADDID(ASmacAP_2,ASmacSAT_2),ASchallengeAP_2,ASchallengeSAT_2,1,1,certificat(AP_id[],spk(AP_sk[]),sign2cert(AP_id[],spk(AP_sk[]),AS_ssk[])),certificat(AP_id[],spk(AP_sk[]),sign2cert(AP_id[],spk(AP_sk[]),AS_ssk[]))),AS_sk[])))),AP_sk[]))).
Using the function 1-proj-Process5 the attacker may obtain (AP_id[],SAT_id_3,challengeAP_2,mchallenge_1,exponent(g_1[],b_1),g_1[],1,Process4((ADDID(ASmacAP_2,ASmacSAT_2),ASchallengeAP_2,ASchallengeSAT_2,1,1,certificat(AP_id[],spk(AP_sk[]),sign2cert(AP_id[],spk(AP_sk[]),AS_ssk[])),certificat(AP_id[],spk(AP_sk[]),sign2cert(AP_id[],spk(AP_sk[]),AS_ssk[])),sign2m((ADDID(ASmacAP_2,ASmacSAT_2),ASchallengeAP_2,ASchallengeSAT_2,1,1,certificat(AP_id[],spk(AP_sk[]),sign2cert(AP_id[],spk(AP_sk[]),AS_ssk[])),certificat(AP_id[],spk(AP_sk[]),sign2cert(AP_id[],spk(AP_sk[]),AS_ssk[]))),AS_sk[]))),sign2m((AP_id[],SAT_id_3,challengeAP_2,mchallenge_1,exponent(g_1[],b_1),g_1[],1,Process4((ADDID(ASmacAP_2,ASmacSAT_2),ASchallengeAP_2,ASchallengeSAT_2,1,1,certificat(AP_id[],spk(AP_sk[]),sign2cert(AP_id[],spk(AP_sk[]),AS_ssk[])),certificat(AP_id[],spk(AP_sk[]),sign2cert(AP_id[],spk(AP_sk[]),AS_ssk[])),sign2m((ADDID(ASmacAP_2,ASmacSAT_2),ASchallengeAP_2,ASchallengeSAT_2,1,1,certificat(AP_id[],spk(AP_sk[]),sign2cert(AP_id[],spk(AP_sk[]),AS_ssk[])),certificat(AP_id[],spk(AP_sk[]),sign2cert(AP_id[],spk(AP_sk[]),AS_ssk[]))),AS_sk[])))),AP_sk[])).
attacker((AP_id[],SAT_id_3,challengeAP_2,mchallenge_1,exponent(g_1[],b_1),g_1[],1,Process4((ADDID(ASmacAP_2,ASmacSAT_2),ASchallengeAP_2,ASchallengeSAT_2,1,1,certificat(AP_id[],spk(AP_sk[]),sign2cert(AP_id[],spk(AP_sk[]),AS_ssk[])),certificat(AP_id[],spk(AP_sk[]),sign2cert(AP_id[],spk(AP_sk[]),AS_ssk[])),sign2m((ADDID(ASmacAP_2,ASmacSAT_2),ASchallengeAP_2,ASchallengeSAT_2,1,1,certificat(AP_id[],spk(AP_sk[]),sign2cert(AP_id[],spk(AP_sk[]),AS_ssk[])),certificat(AP_id[],spk(AP_sk[]),sign2cert(AP_id[],spk(AP_sk[]),AS_ssk[]))),AS_sk[]))),sign2m((AP_id[],SAT_id_3,challengeAP_2,mchallenge_1,exponent(g_1[],b_1),g_1[],1,Process4((ADDID(ASmacAP_2,ASmacSAT_2),ASchallengeAP_2,ASchallengeSAT_2,1,1,certificat(AP_id[],spk(AP_sk[]),sign2cert(AP_id[],spk(AP_sk[]),AS_ssk[])),certificat(AP_id[],spk(AP_sk[]),sign2cert(AP_id[],spk(AP_sk[]),AS_ssk[])),sign2m((ADDID(ASmacAP_2,ASmacSAT_2),ASchallengeAP_2,ASchallengeSAT_2,1,1,certificat(AP_id[],spk(AP_sk[]),sign2cert(AP_id[],spk(AP_sk[]),AS_ssk[])),certificat(AP_id[],spk(AP_sk[]),sign2cert(AP_id[],spk(AP_sk[]),AS_ssk[]))),AS_sk[])))),AP_sk[]))).

36. By 35, the attacker may know (AP_id[],SAT_id_3,challengeAP_2,mchallenge_1,exponent(g_1[],b_1),g_1[],1,Process4((ADDID(ASmacAP_2,ASmacSAT_2),ASchallengeAP_2,ASchallengeSAT_2,1,1,certificat(AP_id[],spk(AP_sk[]),sign2cert(AP_id[],spk(AP_sk[]),AS_ssk[])),certificat(AP_id[],spk(AP_sk[]),sign2cert(AP_id[],spk(AP_sk[]),AS_ssk[])),sign2m((ADDID(ASmacAP_2,ASmacSAT_2),ASchallengeAP_2,ASchallengeSAT_2,1,1,certificat(AP_id[],spk(AP_sk[]),sign2cert(AP_id[],spk(AP_sk[]),AS_ssk[])),certificat(AP_id[],spk(AP_sk[]),sign2cert(AP_id[],spk(AP_sk[]),AS_ssk[]))),AS_sk[]))),sign2m((AP_id[],SAT_id_3,challengeAP_2,mchallenge_1,exponent(g_1[],b_1),g_1[],1,Process4((ADDID(ASmacAP_2,ASmacSAT_2),ASchallengeAP_2,ASchallengeSAT_2,1,1,certificat(AP_id[],spk(AP_sk[]),sign2cert(AP_id[],spk(AP_sk[]),AS_ssk[])),certificat(AP_id[],spk(AP_sk[]),sign2cert(AP_id[],spk(AP_sk[]),AS_ssk[])),sign2m((ADDID(ASmacAP_2,ASmacSAT_2),ASchallengeAP_2,ASchallengeSAT_2,1,1,certificat(AP_id[],spk(AP_sk[]),sign2cert(AP_id[],spk(AP_sk[]),AS_ssk[])),certificat(AP_id[],spk(AP_sk[]),sign2cert(AP_id[],spk(AP_sk[]),AS_ssk[]))),AS_sk[])))),AP_sk[])).
Using the function 5-proj-9-tuple the attacker may obtain exponent(g_1[],b_1).
attacker(exponent(g_1[],b_1)).

37. By 36, the attacker may know exponent(g_1[],b_1).
By 19, the attacker may know challengeAP_2.
By 1, the attacker may know mchallenge_1.
Using the function HashMac_BK the attacker may obtain HashMac_BK(exponent(g_1[],b_1),challengeAP_2,mchallenge_1).
attacker(HashMac_BK(exponent(g_1[],b_1),challengeAP_2,mchallenge_1)).

38. The message Process2((sid_2[],AP_id[],mchallenge_1,certificat(SAT_id_3,spk(sk),certSAT_3),sign2m((sid_2[],AP_id[],mchallenge_1,certificat(SAT_id_3,spk(sk),certSAT_3),g_1[],g_1[]),sk),g_1[],g_1[])) that the attacker may have by 16 may be received at input {51}.
The message Process4((ADDID(ASmacAP_2,ASmacSAT_2),ASchallengeAP_2,ASchallengeSAT_2,1,1,certificat(AP_id[],spk(AP_sk[]),sign2cert(AP_id[],spk(AP_sk[]),AS_ssk[])),certificat(AP_id[],spk(AP_sk[]),sign2cert(AP_id[],spk(AP_sk[]),AS_ssk[])),sign2m((ADDID(ASmacAP_2,ASmacSAT_2),ASchallengeAP_2,ASchallengeSAT_2,1,1,certificat(AP_id[],spk(AP_sk[]),sign2cert(AP_id[],spk(AP_sk[]),AS_ssk[])),certificat(AP_id[],spk(AP_sk[]),sign2cert(AP_id[],spk(AP_sk[]),AS_ssk[]))),AS_sk[]))) that the attacker may have by 33 may be received at input {59}.
So event AP_bk_contains(HashMac_BK(exponent(g_1[],b_1),challengeAP_2,mchallenge_1)) may be executed at {68}.
event(AP_bk_contains(HashMac_BK(exponent(g_1[],b_1),challengeAP_2,mchallenge_1))).

39. By 38, event(AP_bk_contains(HashMac_BK(exponent(g_1[],b_1),challengeAP_2,mchallenge_1))).
By 37, attacker(HashMac_BK(exponent(g_1[],b_1),challengeAP_2,mchallenge_1)).
The goals are reached, combined in the following fact:
event(AP_bk_contains(HashMac_BK(exponent(g_1[],b_1),challengeAP_2,mchallenge_1))) && attacker(HashMac_BK(exponent(g_1[],b_1),challengeAP_2,mchallenge_1)).


A more detailed output of the traces is available with
  set traceDisplay = long.

new SAT_id: id creating SAT_id_4 at {1}

new AP_id: id creating AP_id_3 at {2}

new AS_id: id creating AS_id_4 at {3}

new SAT_sk: skey creating SAT_sk_2 at {4}

new AP_sk: skey creating AP_sk_2 at {5}

new AS_sk: skey creating AS_sk_2 at {6}

new AS_ssk: sskey creating AS_ssk_2 at {7}

new macSAT: macAddress creating macSAT_4 at {8}

new macAP: macAddress creating macAP_3 at {9}

new sid_2: nonce creating sid_3 at {46}

new g_1: G creating g_2 at {47}

out(c, Process1((~M,certificat(~M_1,~M_2,~M_3),~M_4))) with ~M = sid_3, ~M_1 = AP_id_3, ~M_2 = spk(AP_sk_2), ~M_3 = sign2cert(AP_id_3,spk(AP_sk_2),AS_ssk_2), ~M_4 = g_2 at {49}

event AP_sid_sent(AP_id_3,sid_3) at {50}

in(c, Process2((~M,~M_1,a_1,certificat(a_2,spk(a_3),a_4),sign2m((~M,~M_1,a_1,certificat(a_2,spk(a_3),a_4),~M_4,~M_4),a_3),~M_4,~M_4))) with ~M = sid_3, ~M_1 = AP_id_3, sign2m((~M,~M_1,a_1,certificat(a_2,spk(a_3),a_4),~M_4,~M_4),a_3) = sign2m((sid_3,AP_id_3,a_1,certificat(a_2,spk(a_3),a_4),g_2,g_2),a_3), ~M_4 = g_2, ~M_4 = g_2 at {51}

new challengeAP: nonce creating challengeAP_3 at {56}

out(c, Process3((ADDID(~M_5,~M_6),~M_7,~M_8,certificat(~M_9,~M_10,~M_11),~M_12))) with ~M_5 = macAP_3, ~M_6 = macSAT_4, ~M_7 = challengeAP_3, ~M_8 = a_1, ~M_9 = AP_id_3, ~M_10 = spk(AP_sk_2), ~M_11 = sign2cert(AP_id_3,spk(AP_sk_2),AS_ssk_2), ~M_12 = a_4 at {58}

in(c, Process3((ADDID(a_5,a_6),a_7,a_8,certificat(~M_1,~M_2,~M_3),certificat(~M_1,~M_2,~M_3)))) with ~M_1 = AP_id_3, ~M_2 = spk(AP_sk_2), ~M_3 = sign2cert(AP_id_3,spk(AP_sk_2),AS_ssk_2), ~M_1 = AP_id_3, ~M_2 = spk(AP_sk_2), ~M_3 = sign2cert(AP_id_3,spk(AP_sk_2),AS_ssk_2) at {79}

out(c, Process4((ADDID(~M_13,~M_14),~M_15,~M_16,1,1,certificat(~M_17,~M_18,~M_19),certificat(~M_20,~M_21,~M_22),~M_23))) with ~M_13 = a_5, ~M_14 = a_6, ~M_15 = a_7, ~M_16 = a_8, ~M_17 = AP_id_3, ~M_18 = spk(AP_sk_2), ~M_19 = sign2cert(AP_id_3,spk(AP_sk_2),AS_ssk_2), ~M_20 = AP_id_3, ~M_21 = spk(AP_sk_2), ~M_22 = sign2cert(AP_id_3,spk(AP_sk_2),AS_ssk_2), ~M_23 = sign2m((ADDID(a_5,a_6),a_7,a_8,1,1,certificat(AP_id_3,spk(AP_sk_2),sign2cert(AP_id_3,spk(AP_sk_2),AS_ssk_2)),certificat(AP_id_3,spk(AP_sk_2),sign2cert(AP_id_3,spk(AP_sk_2),AS_ssk_2))),AS_sk_2) at {88}

in(c, Process4((ADDID(a_5,a_6),a_7,a_8,1,1,certificat(~M_1,~M_2,~M_3),certificat(~M_1,~M_2,~M_3),~M_23))) with ~M_1 = AP_id_3, ~M_2 = spk(AP_sk_2), ~M_3 = sign2cert(AP_id_3,spk(AP_sk_2),AS_ssk_2), ~M_1 = AP_id_3, ~M_2 = spk(AP_sk_2), ~M_3 = sign2cert(AP_id_3,spk(AP_sk_2),AS_ssk_2), ~M_23 = sign2m((ADDID(a_5,a_6),a_7,a_8,1,1,certificat(AP_id_3,spk(AP_sk_2),sign2cert(AP_id_3,spk(AP_sk_2),AS_ssk_2)),certificat(AP_id_3,spk(AP_sk_2),sign2cert(AP_id_3,spk(AP_sk_2),AS_ssk_2))),AS_sk_2) at {59}

new b: ex creating b_2 at {64}

event AP_bk_contains(HashMac_BK(exponent(g_2,b_2),challengeAP_3,a_1)) at {68} (goal)

event AP_nextid_contains(SHA256(HashMac_nonce(exponent(g_2,b_2),challengeAP_3,a_1))) at {70}

event AP_bk_generate(AP_id_3,HashMac_BK(exponent(g_2,b_2),challengeAP_3,a_1)) at {71}

event AP_nextid_generate(AP_id_3,SHA256(HashMac_nonce(exponent(g_2,b_2),challengeAP_3,a_1))) at {72}

out(c, Process5((~M_24,~M_25,~M_26,~M_27,~M_28,~M_29,1,Process4((ADDID(~M_30,~M_31),~M_32,~M_33,1,1,certificat(~M_34,~M_35,~M_36),certificat(~M_37,~M_38,~M_39),~M_40)),~M_41))) with ~M_24 = AP_id_3, ~M_25 = a_2, ~M_26 = challengeAP_3, ~M_27 = a_1, ~M_28 = exponent(g_2,b_2), ~M_29 = g_2, ~M_30 = a_5, ~M_31 = a_6, ~M_32 = a_7, ~M_33 = a_8, ~M_34 = AP_id_3, ~M_35 = spk(AP_sk_2), ~M_36 = sign2cert(AP_id_3,spk(AP_sk_2),AS_ssk_2), ~M_37 = AP_id_3, ~M_38 = spk(AP_sk_2), ~M_39 = sign2cert(AP_id_3,spk(AP_sk_2),AS_ssk_2), ~M_40 = sign2m((ADDID(a_5,a_6),a_7,a_8,1,1,certificat(AP_id_3,spk(AP_sk_2),sign2cert(AP_id_3,spk(AP_sk_2),AS_ssk_2)),certificat(AP_id_3,spk(AP_sk_2),sign2cert(AP_id_3,spk(AP_sk_2),AS_ssk_2))),AS_sk_2), ~M_41 = sign2m((AP_id_3,a_2,challengeAP_3,a_1,exponent(g_2,b_2),g_2,1,Process4((ADDID(a_5,a_6),a_7,a_8,1,1,certificat(AP_id_3,spk(AP_sk_2),sign2cert(AP_id_3,spk(AP_sk_2),AS_ssk_2)),certificat(AP_id_3,spk(AP_sk_2),sign2cert(AP_id_3,spk(AP_sk_2),AS_ssk_2)),sign2m((ADDID(a_5,a_6),a_7,a_8,1,1,certificat(AP_id_3,spk(AP_sk_2),sign2cert(AP_id_3,spk(AP_sk_2),AS_ssk_2)),certificat(AP_id_3,spk(AP_sk_2),sign2cert(AP_id_3,spk(AP_sk_2),AS_ssk_2))),AS_sk_2)))),AP_sk_2) at {75}

The event AP_bk_contains(HashMac_BK(exponent(g_2,b_2),challengeAP_3,a_1)) is executed at {68}.
The attacker has the message HashMac_BK(~M_28,~M_7,a_1) = HashMac_BK(exponent(g_2,b_2),challengeAP_3,a_1).
A trace has been found.
RESULT secret AP_bk is false.
-- Query secret AP_nextid encoded as not (event(AP_nextid_contains(v)) && attacker(v)) in process 1.
Translating the process into Horn clauses...
Completing...
200 rules inserted. Base: 141 rules (56 with conclusion selected). Queue: 23 rules.
400 rules inserted. Base: 157 rules (62 with conclusion selected). Queue: 27 rules.
Starting query secret AP_nextid
goal reachable: attacker(ASmacAP_2) && attacker(ASmacSAT_2) && attacker(ASchallengeAP_2) && attacker(ASchallengeSAT_2) && attacker(SAT_id_3) && attacker(certSAT_3) && attacker(sk) && attacker(mchallenge_1) -> event(AP_nextid_contains(SHA256(HashMac_nonce(exponent(g_1[],b_1),challengeAP_2,mchallenge_1)))) && attacker(SHA256(HashMac_nonce(exponent(g_1[],b_1),challengeAP_2,mchallenge_1)))
Abbreviations:
b_1 = b[msg4 = Process4((ADDID(ASmacAP_2,ASmacSAT_2),ASchallengeAP_2,ASchallengeSAT_2,1,1,certificat(AP_id[],spk(AP_sk[]),sign2cert(AP_id[],spk(AP_sk[]),AS_ssk[])),certificat(AP_id[],spk(AP_sk[]),sign2cert(AP_id[],spk(AP_sk[]),AS_ssk[])),sign2m((ADDID(ASmacAP_2,ASmacSAT_2),ASchallengeAP_2,ASchallengeSAT_2,1,1,certificat(AP_id[],spk(AP_sk[]),sign2cert(AP_id[],spk(AP_sk[]),AS_ssk[])),certificat(AP_id[],spk(AP_sk[]),sign2cert(AP_id[],spk(AP_sk[]),AS_ssk[]))),AS_sk[]))),msg2 = Process2((sid_2[],AP_id[],mchallenge_1,certificat(SAT_id_3,spk(sk),certSAT_3),sign2m((sid_2[],AP_id[],mchallenge_1,certificat(SAT_id_3,spk(sk),certSAT_3),g_1[],g_1[]),sk),g_1[],g_1[]))]
challengeAP_2 = challengeAP[msg2 = Process2((sid_2[],AP_id[],mchallenge_1,certificat(SAT_id_3,spk(sk),certSAT_3),sign2m((sid_2[],AP_id[],mchallenge_1,certificat(SAT_id_3,spk(sk),certSAT_3),g_1[],g_1[]),sk),g_1[],g_1[]))]

Derivation:
Abbreviations:
b_1 = b[msg4 = Process4((ADDID(ASmacAP_2,ASmacSAT_2),ASchallengeAP_2,ASchallengeSAT_2,1,1,certificat(AP_id[],spk(AP_sk[]),sign2cert(AP_id[],spk(AP_sk[]),AS_ssk[])),certificat(AP_id[],spk(AP_sk[]),sign2cert(AP_id[],spk(AP_sk[]),AS_ssk[])),sign2m((ADDID(ASmacAP_2,ASmacSAT_2),ASchallengeAP_2,ASchallengeSAT_2,1,1,certificat(AP_id[],spk(AP_sk[]),sign2cert(AP_id[],spk(AP_sk[]),AS_ssk[])),certificat(AP_id[],spk(AP_sk[]),sign2cert(AP_id[],spk(AP_sk[]),AS_ssk[]))),AS_sk[]))),msg2 = Process2((sid_2[],AP_id[],mchallenge_1,certificat(SAT_id_3,spk(sk),certSAT_3),sign2m((sid_2[],AP_id[],mchallenge_1,certificat(SAT_id_3,spk(sk),certSAT_3),g_1[],g_1[]),sk),g_1[],g_1[]))]
challengeAP_2 = challengeAP[msg2 = Process2((sid_2[],AP_id[],mchallenge_1,certificat(SAT_id_3,spk(sk),certSAT_3),sign2m((sid_2[],AP_id[],mchallenge_1,certificat(SAT_id_3,spk(sk),certSAT_3),g_1[],g_1[]),sk),g_1[],g_1[]))]

1. We assume as hypothesis that
attacker(mchallenge_1).

2. The message Process1((sid_2[],certificat(AP_id[],spk(AP_sk[]),sign2cert(AP_id[],spk(AP_sk[]),AS_ssk[])),g_1[])) may be sent to the attacker at output {49}.
attacker(Process1((sid_2[],certificat(AP_id[],spk(AP_sk[]),sign2cert(AP_id[],spk(AP_sk[]),AS_ssk[])),g_1[]))).

3. By 2, the attacker may know Process1((sid_2[],certificat(AP_id[],spk(AP_sk[]),sign2cert(AP_id[],spk(AP_sk[]),AS_ssk[])),g_1[])).
Using the function 1-proj-Process1 the attacker may obtain (sid_2[],certificat(AP_id[],spk(AP_sk[]),sign2cert(AP_id[],spk(AP_sk[]),AS_ssk[])),g_1[]).
attacker((sid_2[],certificat(AP_id[],spk(AP_sk[]),sign2cert(AP_id[],spk(AP_sk[]),AS_ssk[])),g_1[])).

4. By 3, the attacker may know (sid_2[],certificat(AP_id[],spk(AP_sk[]),sign2cert(AP_id[],spk(AP_sk[]),AS_ssk[])),g_1[]).
Using the function 3-proj-3-tuple the attacker may obtain g_1[].
attacker(g_1[]).

5. We assume as hypothesis that
attacker(sk).

6. We assume as hypothesis that
attacker(certSAT_3).

7. By 5, the attacker may know sk.
Using the function spk the attacker may obtain spk(sk).
attacker(spk(sk)).

8. We assume as hypothesis that
attacker(SAT_id_3).

9. By 8, the attacker may know SAT_id_3.
By 7, the attacker may know spk(sk).
By 6, the attacker may know certSAT_3.
Using the function certificat the attacker may obtain certificat(SAT_id_3,spk(sk),certSAT_3).
attacker(certificat(SAT_id_3,spk(sk),certSAT_3)).

10. By 3, the attacker may know (sid_2[],certificat(AP_id[],spk(AP_sk[]),sign2cert(AP_id[],spk(AP_sk[]),AS_ssk[])),g_1[]).
Using the function 2-proj-3-tuple the attacker may obtain certificat(AP_id[],spk(AP_sk[]),sign2cert(AP_id[],spk(AP_sk[]),AS_ssk[])).
attacker(certificat(AP_id[],spk(AP_sk[]),sign2cert(AP_id[],spk(AP_sk[]),AS_ssk[]))).

11. By 10, the attacker may know certificat(AP_id[],spk(AP_sk[]),sign2cert(AP_id[],spk(AP_sk[]),AS_ssk[])).
Using the function 1-proj-certificat the attacker may obtain AP_id[].
attacker(AP_id[]).

12. By 3, the attacker may know (sid_2[],certificat(AP_id[],spk(AP_sk[]),sign2cert(AP_id[],spk(AP_sk[]),AS_ssk[])),g_1[]).
Using the function 1-proj-3-tuple the attacker may obtain sid_2[].
attacker(sid_2[]).

13. By 12, the attacker may know sid_2[].
By 11, the attacker may know AP_id[].
By 1, the attacker may know mchallenge_1.
By 9, the attacker may know certificat(SAT_id_3,spk(sk),certSAT_3).
By 4, the attacker may know g_1[].
By 4, the attacker may know g_1[].
Using the function 6-tuple the attacker may obtain (sid_2[],AP_id[],mchallenge_1,certificat(SAT_id_3,spk(sk),certSAT_3),g_1[],g_1[]).
attacker((sid_2[],AP_id[],mchallenge_1,certificat(SAT_id_3,spk(sk),certSAT_3),g_1[],g_1[])).

14. By 13, the attacker may know (sid_2[],AP_id[],mchallenge_1,certificat(SAT_id_3,spk(sk),certSAT_3),g_1[],g_1[]).
By 5, the attacker may know sk.
Using the function sign2m the attacker may obtain sign2m((sid_2[],AP_id[],mchallenge_1,certificat(SAT_id_3,spk(sk),certSAT_3),g_1[],g_1[]),sk).
attacker(sign2m((sid_2[],AP_id[],mchallenge_1,certificat(SAT_id_3,spk(sk),certSAT_3),g_1[],g_1[]),sk)).

15. By 12, the attacker may know sid_2[].
By 11, the attacker may know AP_id[].
By 1, the attacker may know mchallenge_1.
By 9, the attacker may know certificat(SAT_id_3,spk(sk),certSAT_3).
By 14, the attacker may know sign2m((sid_2[],AP_id[],mchallenge_1,certificat(SAT_id_3,spk(sk),certSAT_3),g_1[],g_1[]),sk).
By 4, the attacker may know g_1[].
By 4, the attacker may know g_1[].
Using the function 7-tuple the attacker may obtain (sid_2[],AP_id[],mchallenge_1,certificat(SAT_id_3,spk(sk),certSAT_3),sign2m((sid_2[],AP_id[],mchallenge_1,certificat(SAT_id_3,spk(sk),certSAT_3),g_1[],g_1[]),sk),g_1[],g_1[]).
attacker((sid_2[],AP_id[],mchallenge_1,certificat(SAT_id_3,spk(sk),certSAT_3),sign2m((sid_2[],AP_id[],mchallenge_1,certificat(SAT_id_3,spk(sk),certSAT_3),g_1[],g_1[]),sk),g_1[],g_1[])).

16. By 15, the attacker may know (sid_2[],AP_id[],mchallenge_1,certificat(SAT_id_3,spk(sk),certSAT_3),sign2m((sid_2[],AP_id[],mchallenge_1,certificat(SAT_id_3,spk(sk),certSAT_3),g_1[],g_1[]),sk),g_1[],g_1[]).
Using the function Process2 the attacker may obtain Process2((sid_2[],AP_id[],mchallenge_1,certificat(SAT_id_3,spk(sk),certSAT_3),sign2m((sid_2[],AP_id[],mchallenge_1,certificat(SAT_id_3,spk(sk),certSAT_3),g_1[],g_1[]),sk),g_1[],g_1[])).
attacker(Process2((sid_2[],AP_id[],mchallenge_1,certificat(SAT_id_3,spk(sk),certSAT_3),sign2m((sid_2[],AP_id[],mchallenge_1,certificat(SAT_id_3,spk(sk),certSAT_3),g_1[],g_1[]),sk),g_1[],g_1[]))).

17. The message Process2((sid_2[],AP_id[],mchallenge_1,certificat(SAT_id_3,spk(sk),certSAT_3),sign2m((sid_2[],AP_id[],mchallenge_1,certificat(SAT_id_3,spk(sk),certSAT_3),g_1[],g_1[]),sk),g_1[],g_1[])) that the attacker may have by 16 may be received at input {51}.
So the message Process3((ADDID(macAP[],macSAT[]),challengeAP_2,mchallenge_1,certificat(AP_id[],spk(AP_sk[]),sign2cert(AP_id[],spk(AP_sk[]),AS_ssk[])),certSAT_3)) may be sent to the attacker at output {58}.
attacker(Process3((ADDID(macAP[],macSAT[]),challengeAP_2,mchallenge_1,certificat(AP_id[],spk(AP_sk[]),sign2cert(AP_id[],spk(AP_sk[]),AS_ssk[])),certSAT_3))).

18. By 17, the attacker may know Process3((ADDID(macAP[],macSAT[]),challengeAP_2,mchallenge_1,certificat(AP_id[],spk(AP_sk[]),sign2cert(AP_id[],spk(AP_sk[]),AS_ssk[])),certSAT_3)).
Using the function 1-proj-Process3 the attacker may obtain (ADDID(macAP[],macSAT[]),challengeAP_2,mchallenge_1,certificat(AP_id[],spk(AP_sk[]),sign2cert(AP_id[],spk(AP_sk[]),AS_ssk[])),certSAT_3).
attacker((ADDID(macAP[],macSAT[]),challengeAP_2,mchallenge_1,certificat(AP_id[],spk(AP_sk[]),sign2cert(AP_id[],spk(AP_sk[]),AS_ssk[])),certSAT_3)).

19. By 18, the attacker may know (ADDID(macAP[],macSAT[]),challengeAP_2,mchallenge_1,certificat(AP_id[],spk(AP_sk[]),sign2cert(AP_id[],spk(AP_sk[]),AS_ssk[])),certSAT_3).
Using the function 2-proj-5-tuple the attacker may obtain challengeAP_2.
attacker(challengeAP_2).

20. We assume as hypothesis that
attacker(ASchallengeSAT_2).

21. We assume as hypothesis that
attacker(ASchallengeAP_2).

22. We assume as hypothesis that
attacker(ASmacSAT_2).

23. We assume as hypothesis that
attacker(ASmacAP_2).

24. By 23, the attacker may know ASmacAP_2.
By 22, the attacker may know ASmacSAT_2.
Using the function ADDID the attacker may obtain ADDID(ASmacAP_2,ASmacSAT_2).
attacker(ADDID(ASmacAP_2,ASmacSAT_2)).

25. By 24, the attacker may know ADDID(ASmacAP_2,ASmacSAT_2).
By 21, the attacker may know ASchallengeAP_2.
By 20, the attacker may know ASchallengeSAT_2.
By 10, the attacker may know certificat(AP_id[],spk(AP_sk[]),sign2cert(AP_id[],spk(AP_sk[]),AS_ssk[])).
By 10, the attacker may know certificat(AP_id[],spk(AP_sk[]),sign2cert(AP_id[],spk(AP_sk[]),AS_ssk[])).
Using the function 5-tuple the attacker may obtain (ADDID(ASmacAP_2,ASmacSAT_2),ASchallengeAP_2,ASchallengeSAT_2,certificat(AP_id[],spk(AP_sk[]),sign2cert(AP_id[],spk(AP_sk[]),AS_ssk[])),certificat(AP_id[],spk(AP_sk[]),sign2cert(AP_id[],spk(AP_sk[]),AS_ssk[]))).
attacker((ADDID(ASmacAP_2,ASmacSAT_2),ASchallengeAP_2,ASchallengeSAT_2,certificat(AP_id[],spk(AP_sk[]),sign2cert(AP_id[],spk(AP_sk[]),AS_ssk[])),certificat(AP_id[],spk(AP_sk[]),sign2cert(AP_id[],spk(AP_sk[]),AS_ssk[])))).

26. By 25, the attacker may know (ADDID(ASmacAP_2,ASmacSAT_2),ASchallengeAP_2,ASchallengeSAT_2,certificat(AP_id[],spk(AP_sk[]),sign2cert(AP_id[],spk(AP_sk[]),AS_ssk[])),certificat(AP_id[],spk(AP_sk[]),sign2cert(AP_id[],spk(AP_sk[]),AS_ssk[]))).
Using the function Process3 the attacker may obtain Process3((ADDID(ASmacAP_2,ASmacSAT_2),ASchallengeAP_2,ASchallengeSAT_2,certificat(AP_id[],spk(AP_sk[]),sign2cert(AP_id[],spk(AP_sk[]),AS_ssk[])),certificat(AP_id[],spk(AP_sk[]),sign2cert(AP_id[],spk(AP_sk[]),AS_ssk[])))).
attacker(Process3((ADDID(ASmacAP_2,ASmacSAT_2),ASchallengeAP_2,ASchallengeSAT_2,certificat(AP_id[],spk(AP_sk[]),sign2cert(AP_id[],spk(AP_sk[]),AS_ssk[])),certificat(AP_id[],spk(AP_sk[]),sign2cert(AP_id[],spk(AP_sk[]),AS_ssk[]))))).

27. The message Process3((ADDID(ASmacAP_2,ASmacSAT_2),ASchallengeAP_2,ASchallengeSAT_2,certificat(AP_id[],spk(AP_sk[]),sign2cert(AP_id[],spk(AP_sk[]),AS_ssk[])),certificat(AP_id[],spk(AP_sk[]),sign2cert(AP_id[],spk(AP_sk[]),AS_ssk[])))) that the attacker may have by 26 may be received at input {79}.
So the message Process4((ADDID(ASmacAP_2,ASmacSAT_2),ASchallengeAP_2,ASchallengeSAT_2,1,1,certificat(AP_id[],spk(AP_sk[]),sign2cert(AP_id[],spk(AP_sk[]),AS_ssk[])),certificat(AP_id[],spk(AP_sk[]),sign2cert(AP_id[],spk(AP_sk[]),AS_ssk[])),sign2m((ADDID(ASmacAP_2,ASmacSAT_2),ASchallengeAP_2,ASchallengeSAT_2,1,1,certificat(AP_id[],spk(AP_sk[]),sign2cert(AP_id[],spk(AP_sk[]),AS_ssk[])),certificat(AP_id[],spk(AP_sk[]),sign2cert(AP_id[],spk(AP_sk[]),AS_ssk[]))),AS_sk[]))) may be sent to the attacker at output {88}.
attacker(Process4((ADDID(ASmacAP_2,ASmacSAT_2),ASchallengeAP_2,ASchallengeSAT_2,1,1,certificat(AP_id[],spk(AP_sk[]),sign2cert(AP_id[],spk(AP_sk[]),AS_ssk[])),certificat(AP_id[],spk(AP_sk[]),sign2cert(AP_id[],spk(AP_sk[]),AS_ssk[])),sign2m((ADDID(ASmacAP_2,ASmacSAT_2),ASchallengeAP_2,ASchallengeSAT_2,1,1,certificat(AP_id[],spk(AP_sk[]),sign2cert(AP_id[],spk(AP_sk[]),AS_ssk[])),certificat(AP_id[],spk(AP_sk[]),sign2cert(AP_id[],spk(AP_sk[]),AS_ssk[]))),AS_sk[])))).

28. By 27, the attacker may know Process4((ADDID(ASmacAP_2,ASmacSAT_2),ASchallengeAP_2,ASchallengeSAT_2,1,1,certificat(AP_id[],spk(AP_sk[]),sign2cert(AP_id[],spk(AP_sk[]),AS_ssk[])),certificat(AP_id[],spk(AP_sk[]),sign2cert(AP_id[],spk(AP_sk[]),AS_ssk[])),sign2m((ADDID(ASmacAP_2,ASmacSAT_2),ASchallengeAP_2,ASchallengeSAT_2,1,1,certificat(AP_id[],spk(AP_sk[]),sign2cert(AP_id[],spk(AP_sk[]),AS_ssk[])),certificat(AP_id[],spk(AP_sk[]),sign2cert(AP_id[],spk(AP_sk[]),AS_ssk[]))),AS_sk[]))).
Using the function 1-proj-Process4 the attacker may obtain (ADDID(ASmacAP_2,ASmacSAT_2),ASchallengeAP_2,ASchallengeSAT_2,1,1,certificat(AP_id[],spk(AP_sk[]),sign2cert(AP_id[],spk(AP_sk[]),AS_ssk[])),certificat(AP_id[],spk(AP_sk[]),sign2cert(AP_id[],spk(AP_sk[]),AS_ssk[])),sign2m((ADDID(ASmacAP_2,ASmacSAT_2),ASchallengeAP_2,ASchallengeSAT_2,1,1,certificat(AP_id[],spk(AP_sk[]),sign2cert(AP_id[],spk(AP_sk[]),AS_ssk[])),certificat(AP_id[],spk(AP_sk[]),sign2cert(AP_id[],spk(AP_sk[]),AS_ssk[]))),AS_sk[])).
attacker((ADDID(ASmacAP_2,ASmacSAT_2),ASchallengeAP_2,ASchallengeSAT_2,1,1,certificat(AP_id[],spk(AP_sk[]),sign2cert(AP_id[],spk(AP_sk[]),AS_ssk[])),certificat(AP_id[],spk(AP_sk[]),sign2cert(AP_id[],spk(AP_sk[]),AS_ssk[])),sign2m((ADDID(ASmacAP_2,ASmacSAT_2),ASchallengeAP_2,ASchallengeSAT_2,1,1,certificat(AP_id[],spk(AP_sk[]),sign2cert(AP_id[],spk(AP_sk[]),AS_ssk[])),certificat(AP_id[],spk(AP_sk[]),sign2cert(AP_id[],spk(AP_sk[]),AS_ssk[]))),AS_sk[]))).

29. By 28, the attacker may know (ADDID(ASmacAP_2,ASmacSAT_2),ASchallengeAP_2,ASchallengeSAT_2,1,1,certificat(AP_id[],spk(AP_sk[]),sign2cert(AP_id[],spk(AP_sk[]),AS_ssk[])),certificat(AP_id[],spk(AP_sk[]),sign2cert(AP_id[],spk(AP_sk[]),AS_ssk[])),sign2m((ADDID(ASmacAP_2,ASmacSAT_2),ASchallengeAP_2,ASchallengeSAT_2,1,1,certificat(AP_id[],spk(AP_sk[]),sign2cert(AP_id[],spk(AP_sk[]),AS_ssk[])),certificat(AP_id[],spk(AP_sk[]),sign2cert(AP_id[],spk(AP_sk[]),AS_ssk[]))),AS_sk[])).
Using the function 8-proj-8-tuple the attacker may obtain sign2m((ADDID(ASmacAP_2,ASmacSAT_2),ASchallengeAP_2,ASchallengeSAT_2,1,1,certificat(AP_id[],spk(AP_sk[]),sign2cert(AP_id[],spk(AP_sk[]),AS_ssk[])),certificat(AP_id[],spk(AP_sk[]),sign2cert(AP_id[],spk(AP_sk[]),AS_ssk[]))),AS_sk[]).
attacker(sign2m((ADDID(ASmacAP_2,ASmacSAT_2),ASchallengeAP_2,ASchallengeSAT_2,1,1,certificat(AP_id[],spk(AP_sk[]),sign2cert(AP_id[],spk(AP_sk[]),AS_ssk[])),certificat(AP_id[],spk(AP_sk[]),sign2cert(AP_id[],spk(AP_sk[]),AS_ssk[]))),AS_sk[])).

30. Using the function 0 the attacker may obtain 0.
attacker(0).

31. By 30, the attacker may know 0.
Using the function + the attacker may obtain 1.
attacker(1).

32. By 24, the attacker may know ADDID(ASmacAP_2,ASmacSAT_2).
By 21, the attacker may know ASchallengeAP_2.
By 20, the attacker may know ASchallengeSAT_2.
By 31, the attacker may know 1.
By 31, the attacker may know 1.
By 10, the attacker may know certificat(AP_id[],spk(AP_sk[]),sign2cert(AP_id[],spk(AP_sk[]),AS_ssk[])).
By 10, the attacker may know certificat(AP_id[],spk(AP_sk[]),sign2cert(AP_id[],spk(AP_sk[]),AS_ssk[])).
By 29, the attacker may know sign2m((ADDID(ASmacAP_2,ASmacSAT_2),ASchallengeAP_2,ASchallengeSAT_2,1,1,certificat(AP_id[],spk(AP_sk[]),sign2cert(AP_id[],spk(AP_sk[]),AS_ssk[])),certificat(AP_id[],spk(AP_sk[]),sign2cert(AP_id[],spk(AP_sk[]),AS_ssk[]))),AS_sk[]).
Using the function 8-tuple the attacker may obtain (ADDID(ASmacAP_2,ASmacSAT_2),ASchallengeAP_2,ASchallengeSAT_2,1,1,certificat(AP_id[],spk(AP_sk[]),sign2cert(AP_id[],spk(AP_sk[]),AS_ssk[])),certificat(AP_id[],spk(AP_sk[]),sign2cert(AP_id[],spk(AP_sk[]),AS_ssk[])),sign2m((ADDID(ASmacAP_2,ASmacSAT_2),ASchallengeAP_2,ASchallengeSAT_2,1,1,certificat(AP_id[],spk(AP_sk[]),sign2cert(AP_id[],spk(AP_sk[]),AS_ssk[])),certificat(AP_id[],spk(AP_sk[]),sign2cert(AP_id[],spk(AP_sk[]),AS_ssk[]))),AS_sk[])).
attacker((ADDID(ASmacAP_2,ASmacSAT_2),ASchallengeAP_2,ASchallengeSAT_2,1,1,certificat(AP_id[],spk(AP_sk[]),sign2cert(AP_id[],spk(AP_sk[]),AS_ssk[])),certificat(AP_id[],spk(AP_sk[]),sign2cert(AP_id[],spk(AP_sk[]),AS_ssk[])),sign2m((ADDID(ASmacAP_2,ASmacSAT_2),ASchallengeAP_2,ASchallengeSAT_2,1,1,certificat(AP_id[],spk(AP_sk[]),sign2cert(AP_id[],spk(AP_sk[]),AS_ssk[])),certificat(AP_id[],spk(AP_sk[]),sign2cert(AP_id[],spk(AP_sk[]),AS_ssk[]))),AS_sk[]))).

33. By 32, the attacker may know (ADDID(ASmacAP_2,ASmacSAT_2),ASchallengeAP_2,ASchallengeSAT_2,1,1,certificat(AP_id[],spk(AP_sk[]),sign2cert(AP_id[],spk(AP_sk[]),AS_ssk[])),certificat(AP_id[],spk(AP_sk[]),sign2cert(AP_id[],spk(AP_sk[]),AS_ssk[])),sign2m((ADDID(ASmacAP_2,ASmacSAT_2),ASchallengeAP_2,ASchallengeSAT_2,1,1,certificat(AP_id[],spk(AP_sk[]),sign2cert(AP_id[],spk(AP_sk[]),AS_ssk[])),certificat(AP_id[],spk(AP_sk[]),sign2cert(AP_id[],spk(AP_sk[]),AS_ssk[]))),AS_sk[])).
Using the function Process4 the attacker may obtain Process4((ADDID(ASmacAP_2,ASmacSAT_2),ASchallengeAP_2,ASchallengeSAT_2,1,1,certificat(AP_id[],spk(AP_sk[]),sign2cert(AP_id[],spk(AP_sk[]),AS_ssk[])),certificat(AP_id[],spk(AP_sk[]),sign2cert(AP_id[],spk(AP_sk[]),AS_ssk[])),sign2m((ADDID(ASmacAP_2,ASmacSAT_2),ASchallengeAP_2,ASchallengeSAT_2,1,1,certificat(AP_id[],spk(AP_sk[]),sign2cert(AP_id[],spk(AP_sk[]),AS_ssk[])),certificat(AP_id[],spk(AP_sk[]),sign2cert(AP_id[],spk(AP_sk[]),AS_ssk[]))),AS_sk[]))).
attacker(Process4((ADDID(ASmacAP_2,ASmacSAT_2),ASchallengeAP_2,ASchallengeSAT_2,1,1,certificat(AP_id[],spk(AP_sk[]),sign2cert(AP_id[],spk(AP_sk[]),AS_ssk[])),certificat(AP_id[],spk(AP_sk[]),sign2cert(AP_id[],spk(AP_sk[]),AS_ssk[])),sign2m((ADDID(ASmacAP_2,ASmacSAT_2),ASchallengeAP_2,ASchallengeSAT_2,1,1,certificat(AP_id[],spk(AP_sk[]),sign2cert(AP_id[],spk(AP_sk[]),AS_ssk[])),certificat(AP_id[],spk(AP_sk[]),sign2cert(AP_id[],spk(AP_sk[]),AS_ssk[]))),AS_sk[])))).

34. The message Process2((sid_2[],AP_id[],mchallenge_1,certificat(SAT_id_3,spk(sk),certSAT_3),sign2m((sid_2[],AP_id[],mchallenge_1,certificat(SAT_id_3,spk(sk),certSAT_3),g_1[],g_1[]),sk),g_1[],g_1[])) that the attacker may have by 16 may be received at input {51}.
The message Process4((ADDID(ASmacAP_2,ASmacSAT_2),ASchallengeAP_2,ASchallengeSAT_2,1,1,certificat(AP_id[],spk(AP_sk[]),sign2cert(AP_id[],spk(AP_sk[]),AS_ssk[])),certificat(AP_id[],spk(AP_sk[]),sign2cert(AP_id[],spk(AP_sk[]),AS_ssk[])),sign2m((ADDID(ASmacAP_2,ASmacSAT_2),ASchallengeAP_2,ASchallengeSAT_2,1,1,certificat(AP_id[],spk(AP_sk[]),sign2cert(AP_id[],spk(AP_sk[]),AS_ssk[])),certificat(AP_id[],spk(AP_sk[]),sign2cert(AP_id[],spk(AP_sk[]),AS_ssk[]))),AS_sk[]))) that the attacker may have by 33 may be received at input {59}.
So the message Process5((AP_id[],SAT_id_3,challengeAP_2,mchallenge_1,exponent(g_1[],b_1),g_1[],1,Process4((ADDID(ASmacAP_2,ASmacSAT_2),ASchallengeAP_2,ASchallengeSAT_2,1,1,certificat(AP_id[],spk(AP_sk[]),sign2cert(AP_id[],spk(AP_sk[]),AS_ssk[])),certificat(AP_id[],spk(AP_sk[]),sign2cert(AP_id[],spk(AP_sk[]),AS_ssk[])),sign2m((ADDID(ASmacAP_2,ASmacSAT_2),ASchallengeAP_2,ASchallengeSAT_2,1,1,certificat(AP_id[],spk(AP_sk[]),sign2cert(AP_id[],spk(AP_sk[]),AS_ssk[])),certificat(AP_id[],spk(AP_sk[]),sign2cert(AP_id[],spk(AP_sk[]),AS_ssk[]))),AS_sk[]))),sign2m((AP_id[],SAT_id_3,challengeAP_2,mchallenge_1,exponent(g_1[],b_1),g_1[],1,Process4((ADDID(ASmacAP_2,ASmacSAT_2),ASchallengeAP_2,ASchallengeSAT_2,1,1,certificat(AP_id[],spk(AP_sk[]),sign2cert(AP_id[],spk(AP_sk[]),AS_ssk[])),certificat(AP_id[],spk(AP_sk[]),sign2cert(AP_id[],spk(AP_sk[]),AS_ssk[])),sign2m((ADDID(ASmacAP_2,ASmacSAT_2),ASchallengeAP_2,ASchallengeSAT_2,1,1,certificat(AP_id[],spk(AP_sk[]),sign2cert(AP_id[],spk(AP_sk[]),AS_ssk[])),certificat(AP_id[],spk(AP_sk[]),sign2cert(AP_id[],spk(AP_sk[]),AS_ssk[]))),AS_sk[])))),AP_sk[]))) may be sent to the attacker at output {75}.
attacker(Process5((AP_id[],SAT_id_3,challengeAP_2,mchallenge_1,exponent(g_1[],b_1),g_1[],1,Process4((ADDID(ASmacAP_2,ASmacSAT_2),ASchallengeAP_2,ASchallengeSAT_2,1,1,certificat(AP_id[],spk(AP_sk[]),sign2cert(AP_id[],spk(AP_sk[]),AS_ssk[])),certificat(AP_id[],spk(AP_sk[]),sign2cert(AP_id[],spk(AP_sk[]),AS_ssk[])),sign2m((ADDID(ASmacAP_2,ASmacSAT_2),ASchallengeAP_2,ASchallengeSAT_2,1,1,certificat(AP_id[],spk(AP_sk[]),sign2cert(AP_id[],spk(AP_sk[]),AS_ssk[])),certificat(AP_id[],spk(AP_sk[]),sign2cert(AP_id[],spk(AP_sk[]),AS_ssk[]))),AS_sk[]))),sign2m((AP_id[],SAT_id_3,challengeAP_2,mchallenge_1,exponent(g_1[],b_1),g_1[],1,Process4((ADDID(ASmacAP_2,ASmacSAT_2),ASchallengeAP_2,ASchallengeSAT_2,1,1,certificat(AP_id[],spk(AP_sk[]),sign2cert(AP_id[],spk(AP_sk[]),AS_ssk[])),certificat(AP_id[],spk(AP_sk[]),sign2cert(AP_id[],spk(AP_sk[]),AS_ssk[])),sign2m((ADDID(ASmacAP_2,ASmacSAT_2),ASchallengeAP_2,ASchallengeSAT_2,1,1,certificat(AP_id[],spk(AP_sk[]),sign2cert(AP_id[],spk(AP_sk[]),AS_ssk[])),certificat(AP_id[],spk(AP_sk[]),sign2cert(AP_id[],spk(AP_sk[]),AS_ssk[]))),AS_sk[])))),AP_sk[])))).

35. By 34, the attacker may know Process5((AP_id[],SAT_id_3,challengeAP_2,mchallenge_1,exponent(g_1[],b_1),g_1[],1,Process4((ADDID(ASmacAP_2,ASmacSAT_2),ASchallengeAP_2,ASchallengeSAT_2,1,1,certificat(AP_id[],spk(AP_sk[]),sign2cert(AP_id[],spk(AP_sk[]),AS_ssk[])),certificat(AP_id[],spk(AP_sk[]),sign2cert(AP_id[],spk(AP_sk[]),AS_ssk[])),sign2m((ADDID(ASmacAP_2,ASmacSAT_2),ASchallengeAP_2,ASchallengeSAT_2,1,1,certificat(AP_id[],spk(AP_sk[]),sign2cert(AP_id[],spk(AP_sk[]),AS_ssk[])),certificat(AP_id[],spk(AP_sk[]),sign2cert(AP_id[],spk(AP_sk[]),AS_ssk[]))),AS_sk[]))),sign2m((AP_id[],SAT_id_3,challengeAP_2,mchallenge_1,exponent(g_1[],b_1),g_1[],1,Process4((ADDID(ASmacAP_2,ASmacSAT_2),ASchallengeAP_2,ASchallengeSAT_2,1,1,certificat(AP_id[],spk(AP_sk[]),sign2cert(AP_id[],spk(AP_sk[]),AS_ssk[])),certificat(AP_id[],spk(AP_sk[]),sign2cert(AP_id[],spk(AP_sk[]),AS_ssk[])),sign2m((ADDID(ASmacAP_2,ASmacSAT_2),ASchallengeAP_2,ASchallengeSAT_2,1,1,certificat(AP_id[],spk(AP_sk[]),sign2cert(AP_id[],spk(AP_sk[]),AS_ssk[])),certificat(AP_id[],spk(AP_sk[]),sign2cert(AP_id[],spk(AP_sk[]),AS_ssk[]))),AS_sk[])))),AP_sk[]))).
Using the function 1-proj-Process5 the attacker may obtain (AP_id[],SAT_id_3,challengeAP_2,mchallenge_1,exponent(g_1[],b_1),g_1[],1,Process4((ADDID(ASmacAP_2,ASmacSAT_2),ASchallengeAP_2,ASchallengeSAT_2,1,1,certificat(AP_id[],spk(AP_sk[]),sign2cert(AP_id[],spk(AP_sk[]),AS_ssk[])),certificat(AP_id[],spk(AP_sk[]),sign2cert(AP_id[],spk(AP_sk[]),AS_ssk[])),sign2m((ADDID(ASmacAP_2,ASmacSAT_2),ASchallengeAP_2,ASchallengeSAT_2,1,1,certificat(AP_id[],spk(AP_sk[]),sign2cert(AP_id[],spk(AP_sk[]),AS_ssk[])),certificat(AP_id[],spk(AP_sk[]),sign2cert(AP_id[],spk(AP_sk[]),AS_ssk[]))),AS_sk[]))),sign2m((AP_id[],SAT_id_3,challengeAP_2,mchallenge_1,exponent(g_1[],b_1),g_1[],1,Process4((ADDID(ASmacAP_2,ASmacSAT_2),ASchallengeAP_2,ASchallengeSAT_2,1,1,certificat(AP_id[],spk(AP_sk[]),sign2cert(AP_id[],spk(AP_sk[]),AS_ssk[])),certificat(AP_id[],spk(AP_sk[]),sign2cert(AP_id[],spk(AP_sk[]),AS_ssk[])),sign2m((ADDID(ASmacAP_2,ASmacSAT_2),ASchallengeAP_2,ASchallengeSAT_2,1,1,certificat(AP_id[],spk(AP_sk[]),sign2cert(AP_id[],spk(AP_sk[]),AS_ssk[])),certificat(AP_id[],spk(AP_sk[]),sign2cert(AP_id[],spk(AP_sk[]),AS_ssk[]))),AS_sk[])))),AP_sk[])).
attacker((AP_id[],SAT_id_3,challengeAP_2,mchallenge_1,exponent(g_1[],b_1),g_1[],1,Process4((ADDID(ASmacAP_2,ASmacSAT_2),ASchallengeAP_2,ASchallengeSAT_2,1,1,certificat(AP_id[],spk(AP_sk[]),sign2cert(AP_id[],spk(AP_sk[]),AS_ssk[])),certificat(AP_id[],spk(AP_sk[]),sign2cert(AP_id[],spk(AP_sk[]),AS_ssk[])),sign2m((ADDID(ASmacAP_2,ASmacSAT_2),ASchallengeAP_2,ASchallengeSAT_2,1,1,certificat(AP_id[],spk(AP_sk[]),sign2cert(AP_id[],spk(AP_sk[]),AS_ssk[])),certificat(AP_id[],spk(AP_sk[]),sign2cert(AP_id[],spk(AP_sk[]),AS_ssk[]))),AS_sk[]))),sign2m((AP_id[],SAT_id_3,challengeAP_2,mchallenge_1,exponent(g_1[],b_1),g_1[],1,Process4((ADDID(ASmacAP_2,ASmacSAT_2),ASchallengeAP_2,ASchallengeSAT_2,1,1,certificat(AP_id[],spk(AP_sk[]),sign2cert(AP_id[],spk(AP_sk[]),AS_ssk[])),certificat(AP_id[],spk(AP_sk[]),sign2cert(AP_id[],spk(AP_sk[]),AS_ssk[])),sign2m((ADDID(ASmacAP_2,ASmacSAT_2),ASchallengeAP_2,ASchallengeSAT_2,1,1,certificat(AP_id[],spk(AP_sk[]),sign2cert(AP_id[],spk(AP_sk[]),AS_ssk[])),certificat(AP_id[],spk(AP_sk[]),sign2cert(AP_id[],spk(AP_sk[]),AS_ssk[]))),AS_sk[])))),AP_sk[]))).

36. By 35, the attacker may know (AP_id[],SAT_id_3,challengeAP_2,mchallenge_1,exponent(g_1[],b_1),g_1[],1,Process4((ADDID(ASmacAP_2,ASmacSAT_2),ASchallengeAP_2,ASchallengeSAT_2,1,1,certificat(AP_id[],spk(AP_sk[]),sign2cert(AP_id[],spk(AP_sk[]),AS_ssk[])),certificat(AP_id[],spk(AP_sk[]),sign2cert(AP_id[],spk(AP_sk[]),AS_ssk[])),sign2m((ADDID(ASmacAP_2,ASmacSAT_2),ASchallengeAP_2,ASchallengeSAT_2,1,1,certificat(AP_id[],spk(AP_sk[]),sign2cert(AP_id[],spk(AP_sk[]),AS_ssk[])),certificat(AP_id[],spk(AP_sk[]),sign2cert(AP_id[],spk(AP_sk[]),AS_ssk[]))),AS_sk[]))),sign2m((AP_id[],SAT_id_3,challengeAP_2,mchallenge_1,exponent(g_1[],b_1),g_1[],1,Process4((ADDID(ASmacAP_2,ASmacSAT_2),ASchallengeAP_2,ASchallengeSAT_2,1,1,certificat(AP_id[],spk(AP_sk[]),sign2cert(AP_id[],spk(AP_sk[]),AS_ssk[])),certificat(AP_id[],spk(AP_sk[]),sign2cert(AP_id[],spk(AP_sk[]),AS_ssk[])),sign2m((ADDID(ASmacAP_2,ASmacSAT_2),ASchallengeAP_2,ASchallengeSAT_2,1,1,certificat(AP_id[],spk(AP_sk[]),sign2cert(AP_id[],spk(AP_sk[]),AS_ssk[])),certificat(AP_id[],spk(AP_sk[]),sign2cert(AP_id[],spk(AP_sk[]),AS_ssk[]))),AS_sk[])))),AP_sk[])).
Using the function 5-proj-9-tuple the attacker may obtain exponent(g_1[],b_1).
attacker(exponent(g_1[],b_1)).

37. By 36, the attacker may know exponent(g_1[],b_1).
By 19, the attacker may know challengeAP_2.
By 1, the attacker may know mchallenge_1.
Using the function HashMac_nonce the attacker may obtain HashMac_nonce(exponent(g_1[],b_1),challengeAP_2,mchallenge_1).
attacker(HashMac_nonce(exponent(g_1[],b_1),challengeAP_2,mchallenge_1)).

38. By 37, the attacker may know HashMac_nonce(exponent(g_1[],b_1),challengeAP_2,mchallenge_1).
Using the function SHA256 the attacker may obtain SHA256(HashMac_nonce(exponent(g_1[],b_1),challengeAP_2,mchallenge_1)).
attacker(SHA256(HashMac_nonce(exponent(g_1[],b_1),challengeAP_2,mchallenge_1))).

39. The message Process2((sid_2[],AP_id[],mchallenge_1,certificat(SAT_id_3,spk(sk),certSAT_3),sign2m((sid_2[],AP_id[],mchallenge_1,certificat(SAT_id_3,spk(sk),certSAT_3),g_1[],g_1[]),sk),g_1[],g_1[])) that the attacker may have by 16 may be received at input {51}.
The message Process4((ADDID(ASmacAP_2,ASmacSAT_2),ASchallengeAP_2,ASchallengeSAT_2,1,1,certificat(AP_id[],spk(AP_sk[]),sign2cert(AP_id[],spk(AP_sk[]),AS_ssk[])),certificat(AP_id[],spk(AP_sk[]),sign2cert(AP_id[],spk(AP_sk[]),AS_ssk[])),sign2m((ADDID(ASmacAP_2,ASmacSAT_2),ASchallengeAP_2,ASchallengeSAT_2,1,1,certificat(AP_id[],spk(AP_sk[]),sign2cert(AP_id[],spk(AP_sk[]),AS_ssk[])),certificat(AP_id[],spk(AP_sk[]),sign2cert(AP_id[],spk(AP_sk[]),AS_ssk[]))),AS_sk[]))) that the attacker may have by 33 may be received at input {59}.
So event AP_nextid_contains(SHA256(HashMac_nonce(exponent(g_1[],b_1),challengeAP_2,mchallenge_1))) may be executed at {70}.
event(AP_nextid_contains(SHA256(HashMac_nonce(exponent(g_1[],b_1),challengeAP_2,mchallenge_1)))).

40. By 39, event(AP_nextid_contains(SHA256(HashMac_nonce(exponent(g_1[],b_1),challengeAP_2,mchallenge_1)))).
By 38, attacker(SHA256(HashMac_nonce(exponent(g_1[],b_1),challengeAP_2,mchallenge_1))).
The goals are reached, combined in the following fact:
event(AP_nextid_contains(SHA256(HashMac_nonce(exponent(g_1[],b_1),challengeAP_2,mchallenge_1)))) && attacker(SHA256(HashMac_nonce(exponent(g_1[],b_1),challengeAP_2,mchallenge_1))).


A more detailed output of the traces is available with
  set traceDisplay = long.

new SAT_id: id creating SAT_id_4 at {1}

new AP_id: id creating AP_id_3 at {2}

new AS_id: id creating AS_id_4 at {3}

new SAT_sk: skey creating SAT_sk_2 at {4}

new AP_sk: skey creating AP_sk_2 at {5}

new AS_sk: skey creating AS_sk_2 at {6}

new AS_ssk: sskey creating AS_ssk_2 at {7}

new macSAT: macAddress creating macSAT_4 at {8}

new macAP: macAddress creating macAP_3 at {9}

new sid_2: nonce creating sid_3 at {46}

new g_1: G creating g_2 at {47}

out(c, Process1((~M,certificat(~M_1,~M_2,~M_3),~M_4))) with ~M = sid_3, ~M_1 = AP_id_3, ~M_2 = spk(AP_sk_2), ~M_3 = sign2cert(AP_id_3,spk(AP_sk_2),AS_ssk_2), ~M_4 = g_2 at {49}

event AP_sid_sent(AP_id_3,sid_3) at {50}

in(c, Process2((~M,~M_1,a_1,certificat(a_2,spk(a_3),a_4),sign2m((~M,~M_1,a_1,certificat(a_2,spk(a_3),a_4),~M_4,~M_4),a_3),~M_4,~M_4))) with ~M = sid_3, ~M_1 = AP_id_3, sign2m((~M,~M_1,a_1,certificat(a_2,spk(a_3),a_4),~M_4,~M_4),a_3) = sign2m((sid_3,AP_id_3,a_1,certificat(a_2,spk(a_3),a_4),g_2,g_2),a_3), ~M_4 = g_2, ~M_4 = g_2 at {51}

new challengeAP: nonce creating challengeAP_3 at {56}

out(c, Process3((ADDID(~M_5,~M_6),~M_7,~M_8,certificat(~M_9,~M_10,~M_11),~M_12))) with ~M_5 = macAP_3, ~M_6 = macSAT_4, ~M_7 = challengeAP_3, ~M_8 = a_1, ~M_9 = AP_id_3, ~M_10 = spk(AP_sk_2), ~M_11 = sign2cert(AP_id_3,spk(AP_sk_2),AS_ssk_2), ~M_12 = a_4 at {58}

in(c, Process3((ADDID(a_5,a_6),a_7,a_8,certificat(~M_1,~M_2,~M_3),certificat(~M_1,~M_2,~M_3)))) with ~M_1 = AP_id_3, ~M_2 = spk(AP_sk_2), ~M_3 = sign2cert(AP_id_3,spk(AP_sk_2),AS_ssk_2), ~M_1 = AP_id_3, ~M_2 = spk(AP_sk_2), ~M_3 = sign2cert(AP_id_3,spk(AP_sk_2),AS_ssk_2) at {79}

out(c, Process4((ADDID(~M_13,~M_14),~M_15,~M_16,1,1,certificat(~M_17,~M_18,~M_19),certificat(~M_20,~M_21,~M_22),~M_23))) with ~M_13 = a_5, ~M_14 = a_6, ~M_15 = a_7, ~M_16 = a_8, ~M_17 = AP_id_3, ~M_18 = spk(AP_sk_2), ~M_19 = sign2cert(AP_id_3,spk(AP_sk_2),AS_ssk_2), ~M_20 = AP_id_3, ~M_21 = spk(AP_sk_2), ~M_22 = sign2cert(AP_id_3,spk(AP_sk_2),AS_ssk_2), ~M_23 = sign2m((ADDID(a_5,a_6),a_7,a_8,1,1,certificat(AP_id_3,spk(AP_sk_2),sign2cert(AP_id_3,spk(AP_sk_2),AS_ssk_2)),certificat(AP_id_3,spk(AP_sk_2),sign2cert(AP_id_3,spk(AP_sk_2),AS_ssk_2))),AS_sk_2) at {88}

in(c, Process4((ADDID(a_5,a_6),a_7,a_8,1,1,certificat(~M_1,~M_2,~M_3),certificat(~M_1,~M_2,~M_3),~M_23))) with ~M_1 = AP_id_3, ~M_2 = spk(AP_sk_2), ~M_3 = sign2cert(AP_id_3,spk(AP_sk_2),AS_ssk_2), ~M_1 = AP_id_3, ~M_2 = spk(AP_sk_2), ~M_3 = sign2cert(AP_id_3,spk(AP_sk_2),AS_ssk_2), ~M_23 = sign2m((ADDID(a_5,a_6),a_7,a_8,1,1,certificat(AP_id_3,spk(AP_sk_2),sign2cert(AP_id_3,spk(AP_sk_2),AS_ssk_2)),certificat(AP_id_3,spk(AP_sk_2),sign2cert(AP_id_3,spk(AP_sk_2),AS_ssk_2))),AS_sk_2) at {59}

new b: ex creating b_2 at {64}

event AP_bk_contains(HashMac_BK(exponent(g_2,b_2),challengeAP_3,a_1)) at {68}

event AP_nextid_contains(SHA256(HashMac_nonce(exponent(g_2,b_2),challengeAP_3,a_1))) at {70} (goal)

event AP_bk_generate(AP_id_3,HashMac_BK(exponent(g_2,b_2),challengeAP_3,a_1)) at {71}

event AP_nextid_generate(AP_id_3,SHA256(HashMac_nonce(exponent(g_2,b_2),challengeAP_3,a_1))) at {72}

out(c, Process5((~M_24,~M_25,~M_26,~M_27,~M_28,~M_29,1,Process4((ADDID(~M_30,~M_31),~M_32,~M_33,1,1,certificat(~M_34,~M_35,~M_36),certificat(~M_37,~M_38,~M_39),~M_40)),~M_41))) with ~M_24 = AP_id_3, ~M_25 = a_2, ~M_26 = challengeAP_3, ~M_27 = a_1, ~M_28 = exponent(g_2,b_2), ~M_29 = g_2, ~M_30 = a_5, ~M_31 = a_6, ~M_32 = a_7, ~M_33 = a_8, ~M_34 = AP_id_3, ~M_35 = spk(AP_sk_2), ~M_36 = sign2cert(AP_id_3,spk(AP_sk_2),AS_ssk_2), ~M_37 = AP_id_3, ~M_38 = spk(AP_sk_2), ~M_39 = sign2cert(AP_id_3,spk(AP_sk_2),AS_ssk_2), ~M_40 = sign2m((ADDID(a_5,a_6),a_7,a_8,1,1,certificat(AP_id_3,spk(AP_sk_2),sign2cert(AP_id_3,spk(AP_sk_2),AS_ssk_2)),certificat(AP_id_3,spk(AP_sk_2),sign2cert(AP_id_3,spk(AP_sk_2),AS_ssk_2))),AS_sk_2), ~M_41 = sign2m((AP_id_3,a_2,challengeAP_3,a_1,exponent(g_2,b_2),g_2,1,Process4((ADDID(a_5,a_6),a_7,a_8,1,1,certificat(AP_id_3,spk(AP_sk_2),sign2cert(AP_id_3,spk(AP_sk_2),AS_ssk_2)),certificat(AP_id_3,spk(AP_sk_2),sign2cert(AP_id_3,spk(AP_sk_2),AS_ssk_2)),sign2m((ADDID(a_5,a_6),a_7,a_8,1,1,certificat(AP_id_3,spk(AP_sk_2),sign2cert(AP_id_3,spk(AP_sk_2),AS_ssk_2)),certificat(AP_id_3,spk(AP_sk_2),sign2cert(AP_id_3,spk(AP_sk_2),AS_ssk_2))),AS_sk_2)))),AP_sk_2) at {75}

The event AP_nextid_contains(SHA256(HashMac_nonce(exponent(g_2,b_2),challengeAP_3,a_1))) is executed at {70}.
The attacker has the message SHA256(HashMac_nonce(~M_28,~M_7,a_1)) = SHA256(HashMac_nonce(exponent(g_2,b_2),challengeAP_3,a_1)).
A trace has been found.
RESULT secret AP_nextid is false.
-- Query inj-event(SAT_bk_generate(SAT_id_3,bk)) ==> inj-event(AP_bk_generate(SAT_id_3,bk)) in process 1.
Translating the process into Horn clauses...
Completing...
200 rules inserted. Base: 140 rules (56 with conclusion selected). Queue: 21 rules.
400 rules inserted. Base: 159 rules (63 with conclusion selected). Queue: 26 rules.
Starting query inj-event(SAT_bk_generate(SAT_id_3,bk)) ==> inj-event(AP_bk_generate(SAT_id_3,bk))
RESULT inj-event(SAT_bk_generate(SAT_id_3,bk)) ==> inj-event(AP_bk_generate(SAT_id_3,bk)) is true.
-- Query inj-event(SAT_nextid_generate(SAT_id_3,nextid)) ==> inj-event(AP_nextid_generate(SAT_id_3,nextid)) in process 1.
Translating the process into Horn clauses...
Completing...
200 rules inserted. Base: 140 rules (56 with conclusion selected). Queue: 21 rules.
400 rules inserted. Base: 159 rules (63 with conclusion selected). Queue: 26 rules.
Starting query inj-event(SAT_nextid_generate(SAT_id_3,nextid)) ==> inj-event(AP_nextid_generate(SAT_id_3,nextid))
RESULT inj-event(SAT_nextid_generate(SAT_id_3,nextid)) ==> inj-event(AP_nextid_generate(SAT_id_3,nextid)) is true.
-- Query inj-event(SAT_sid(SAT_id_3,sid_3)) ==> inj-event(AP_sid_sent(AP_id_3,sid_3)) in process 1.
Translating the process into Horn clauses...
Completing...
200 rules inserted. Base: 137 rules (57 with conclusion selected). Queue: 19 rules.
Starting query inj-event(SAT_sid(SAT_id_3,sid_3)) ==> inj-event(AP_sid_sent(AP_id_3,sid_3))
goal reachable: attacker(sid_3) && attacker(AP_id_3) && attacker(AP_pk_2) && attacker(certSignAP_1) && attacker(g_2) -> inj-event(SAT_sid(SAT_id[],sid_3),@occ23_1)
Abbreviations:
@occ23_1 = @occ23[msg1 = Process1((sid_3,certificat(AP_id_3,AP_pk_2,certSignAP_1),g_2))]

Derivation:
Abbreviations:
@occ23_1 = @occ23[msg1 = Process1((sid_3,certificat(AP_id_3,AP_pk_2,certSignAP_1),g_2))]

1. We assume as hypothesis that
attacker(g_2).

2. We assume as hypothesis that
attacker(certSignAP_1).

3. We assume as hypothesis that
attacker(AP_pk_2).

4. We assume as hypothesis that
attacker(AP_id_3).

5. By 4, the attacker may know AP_id_3.
By 3, the attacker may know AP_pk_2.
By 2, the attacker may know certSignAP_1.
Using the function certificat the attacker may obtain certificat(AP_id_3,AP_pk_2,certSignAP_1).
attacker(certificat(AP_id_3,AP_pk_2,certSignAP_1)).

6. We assume as hypothesis that
attacker(sid_3).

7. By 6, the attacker may know sid_3.
By 5, the attacker may know certificat(AP_id_3,AP_pk_2,certSignAP_1).
By 1, the attacker may know g_2.
Using the function 3-tuple the attacker may obtain (sid_3,certificat(AP_id_3,AP_pk_2,certSignAP_1),g_2).
attacker((sid_3,certificat(AP_id_3,AP_pk_2,certSignAP_1),g_2)).

8. By 7, the attacker may know (sid_3,certificat(AP_id_3,AP_pk_2,certSignAP_1),g_2).
Using the function Process1 the attacker may obtain Process1((sid_3,certificat(AP_id_3,AP_pk_2,certSignAP_1),g_2)).
attacker(Process1((sid_3,certificat(AP_id_3,AP_pk_2,certSignAP_1),g_2))).

9. The message Process1((sid_3,certificat(AP_id_3,AP_pk_2,certSignAP_1),g_2)) that the attacker may have by 8 may be received at input {20}.
So event SAT_sid(SAT_id[],sid_3) may be executed at {23}.
inj-event(SAT_sid(SAT_id[],sid_3),@occ23_1).

10. By 9, inj-event(SAT_sid(SAT_id[],sid_3),@occ23_1).
The goal is reached, represented in the following fact:
inj-event(SAT_sid(SAT_id[],sid_3),@occ23_1).


A more detailed output of the traces is available with
  set traceDisplay = long.

new SAT_id: id creating SAT_id_3 at {1}

new AP_id: id creating AP_id_4 at {2}

new AS_id: id creating AS_id_4 at {3}

new SAT_sk: skey creating SAT_sk_2 at {4}

new AP_sk: skey creating AP_sk_2 at {5}

new AS_sk: skey creating AS_sk_2 at {6}

new AS_ssk: sskey creating AS_ssk_2 at {7}

new macSAT: macAddress creating macSAT_4 at {8}

new macAP: macAddress creating macAP_3 at {9}

new sid_2: nonce creating sid_4 at {46}

new g_1: G creating g_3 at {47}

out(c, Process1((~M,certificat(~M_1,~M_2,~M_3),~M_4))) with ~M = sid_4, ~M_1 = AP_id_4, ~M_2 = spk(AP_sk_2), ~M_3 = sign2cert(AP_id_4,spk(AP_sk_2),AS_ssk_2), ~M_4 = g_3 at {49}

in(c, Process1((a_1,certificat(a_2,a_3,a_4),a_5))) at {20}

event SAT_sid(SAT_id_3,a_1) at {23} (goal)

The event SAT_sid(SAT_id_3,a_1) is executed at {23}.
A trace has been found.
RESULT inj-event(SAT_sid(SAT_id_3,sid_3)) ==> inj-event(AP_sid_sent(AP_id_3,sid_3)) is false.
RESULT (even event(SAT_sid(SAT_id_3,sid_3)) ==> event(AP_sid_sent(AP_id_3,sid_3)) is false.)

--------------------------------------------------------------
Verification summary:

Query secret SAT_bk is true.

Query secret SAT_nextid is true.

Query secret AP_bk is false.

Query secret AP_nextid is false.

Query inj-event(SAT_bk_generate(SAT_id_3,bk)) ==> inj-event(AP_bk_generate(SAT_id_3,bk)) is true.

Query inj-event(SAT_nextid_generate(SAT_id_3,nextid)) ==> inj-event(AP_nextid_generate(SAT_id_3,nextid)) is true.

Query inj-event(SAT_sid(SAT_id_3,sid_3)) ==> inj-event(AP_sid_sent(AP_id_3,sid_3)) is false.

--------------------------------------------------------------

